{"C:\\Users\\User\\Documents\\Pao 5\\Tecnologia web\\Nueva carpeta\\Trazabilidad_Bovina\\backend\\src\\repositories\\animal.repository.ts": {"path":"C:\\Users\\User\\Documents\\Pao 5\\Tecnologia web\\Nueva carpeta\\Trazabilidad_Bovina\\backend\\src\\repositories\\animal.repository.ts","statementMap":{"0":{"start":{"line":6,"column":0},"end":{"line":6,"column":40}},"1":{"start":{"line":31,"column":4},"end":{"line":31,"column":42}},"2":{"start":{"line":35,"column":4},"end":{"line":40,"column":7}},"3":{"start":{"line":44,"column":4},"end":{"line":49,"column":7}},"4":{"start":{"line":53,"column":43},"end":{"line":53,"column":62}},"5":{"start":{"line":55,"column":4},"end":{"line":55,"column":50}},"6":{"start":{"line":55,"column":22},"end":{"line":55,"column":50}},"7":{"start":{"line":56,"column":4},"end":{"line":56,"column":44}},"8":{"start":{"line":56,"column":20},"end":{"line":56,"column":44}},"9":{"start":{"line":57,"column":4},"end":{"line":57,"column":58}},"10":{"start":{"line":57,"column":20},"end":{"line":57,"column":58}},"11":{"start":{"line":58,"column":4},"end":{"line":58,"column":56}},"12":{"start":{"line":58,"column":24},"end":{"line":58,"column":56}},"13":{"start":{"line":59,"column":4},"end":{"line":64,"column":5}},"14":{"start":{"line":60,"column":6},"end":{"line":63,"column":8}},"15":{"start":{"line":66,"column":17},"end":{"line":66,"column":47}},"16":{"start":{"line":69,"column":59},"end":{"line":69,"column":61}},"17":{"start":{"line":70,"column":4},"end":{"line":70,"column":44}},"18":{"start":{"line":72,"column":26},"end":{"line":83,"column":6}},"19":{"start":{"line":85,"column":4},"end":{"line":93,"column":6}},"20":{"start":{"line":97,"column":4},"end":{"line":100,"column":7}},"21":{"start":{"line":104,"column":4},"end":{"line":107,"column":7}},"22":{"start":{"line":29,"column":0},"end":{"line":29,"column":13}},"23":{"start":{"line":111,"column":13},"end":{"line":111,"column":55}}},"fnMap":{"0":{"name":"(anonymous_1)","decl":{"start":{"line":30,"column":2},"end":{"line":30,"column":7}},"loc":{"start":{"line":30,"column":54},"end":{"line":32,"column":3}}},"1":{"name":"(anonymous_2)","decl":{"start":{"line":34,"column":2},"end":{"line":34,"column":7}},"loc":{"start":{"line":34,"column":27},"end":{"line":41,"column":3}}},"2":{"name":"(anonymous_3)","decl":{"start":{"line":43,"column":2},"end":{"line":43,"column":7}},"loc":{"start":{"line":43,"column":47},"end":{"line":50,"column":3}}},"3":{"name":"(anonymous_4)","decl":{"start":{"line":52,"column":2},"end":{"line":52,"column":7}},"loc":{"start":{"line":52,"column":37},"end":{"line":94,"column":3}}},"4":{"name":"(anonymous_5)","decl":{"start":{"line":96,"column":2},"end":{"line":96,"column":7}},"loc":{"start":{"line":96,"column":66},"end":{"line":101,"column":3}}},"5":{"name":"(anonymous_6)","decl":{"start":{"line":103,"column":2},"end":{"line":103,"column":7}},"loc":{"start":{"line":103,"column":29},"end":{"line":108,"column":3}}}},"branchMap":{"0":{"loc":{"start":{"line":55,"column":4},"end":{"line":55,"column":50}},"type":"if","locations":[{"start":{"line":55,"column":4},"end":{"line":55,"column":50}}]},"1":{"loc":{"start":{"line":56,"column":4},"end":{"line":56,"column":44}},"type":"if","locations":[{"start":{"line":56,"column":4},"end":{"line":56,"column":44}}]},"2":{"loc":{"start":{"line":57,"column":4},"end":{"line":57,"column":58}},"type":"if","locations":[{"start":{"line":57,"column":4},"end":{"line":57,"column":58}}]},"3":{"loc":{"start":{"line":58,"column":4},"end":{"line":58,"column":56}},"type":"if","locations":[{"start":{"line":58,"column":4},"end":{"line":58,"column":56}}]},"4":{"loc":{"start":{"line":59,"column":4},"end":{"line":64,"column":5}},"type":"if","locations":[{"start":{"line":59,"column":4},"end":{"line":64,"column":5}}]}},"s":{"0":1,"1":0,"2":0,"3":0,"4":0,"5":0,"6":0,"7":0,"8":0,"9":0,"10":0,"11":0,"12":0,"13":0,"14":0,"15":0,"16":0,"17":0,"18":0,"19":0,"20":0,"21":0,"22":1,"23":1},"f":{"0":0,"1":0,"2":0,"3":0,"4":0,"5":0},"b":{"0":[0],"1":[0],"2":[0],"3":[0],"4":[0]}}
,"C:\\Users\\User\\Documents\\Pao 5\\Tecnologia web\\Nueva carpeta\\Trazabilidad_Bovina\\backend\\src\\repositories\\health.repository.ts": {"path":"C:\\Users\\User\\Documents\\Pao 5\\Tecnologia web\\Nueva carpeta\\Trazabilidad_Bovina\\backend\\src\\repositories\\health.repository.ts","statementMap":{"0":{"start":{"line":9,"column":0},"end":{"line":9,"column":40}},"1":{"start":{"line":22,"column":2},"end":{"line":22,"column":44}},"2":{"start":{"line":82,"column":28},"end":{"line":87,"column":42}},"3":{"start":{"line":99,"column":19},"end":{"line":117,"column":6}},"4":{"start":{"line":118,"column":4},"end":{"line":118,"column":61}},"5":{"start":{"line":122,"column":19},"end":{"line":125,"column":6}},"6":{"start":{"line":126,"column":4},"end":{"line":126,"column":68}},"7":{"start":{"line":133,"column":75},"end":{"line":133,"column":82}},"8":{"start":{"line":134,"column":17},"end":{"line":134,"column":35}},"9":{"start":{"line":136,"column":52},"end":{"line":148,"column":6}},"10":{"start":{"line":150,"column":26},"end":{"line":159,"column":6}},"11":{"start":{"line":161,"column":33},"end":{"line":166,"column":6}},"12":{"start":{"line":168,"column":4},"end":{"line":168,"column":77}},"13":{"start":{"line":175,"column":75},"end":{"line":175,"column":82}},"14":{"start":{"line":176,"column":17},"end":{"line":176,"column":35}},"15":{"start":{"line":178,"column":52},"end":{"line":190,"column":6}},"16":{"start":{"line":192,"column":26},"end":{"line":201,"column":6}},"17":{"start":{"line":203,"column":33},"end":{"line":208,"column":6}},"18":{"start":{"line":210,"column":4},"end":{"line":210,"column":77}},"19":{"start":{"line":215,"column":58},"end":{"line":215,"column":60}},"20":{"start":{"line":217,"column":4},"end":{"line":217,"column":64}},"21":{"start":{"line":217,"column":33},"end":{"line":217,"column":64}},"22":{"start":{"line":218,"column":4},"end":{"line":218,"column":67}},"23":{"start":{"line":218,"column":34},"end":{"line":218,"column":67}},"24":{"start":{"line":219,"column":4},"end":{"line":219,"column":91}},"25":{"start":{"line":219,"column":42},"end":{"line":219,"column":91}},"26":{"start":{"line":220,"column":4},"end":{"line":220,"column":94}},"27":{"start":{"line":220,"column":43},"end":{"line":220,"column":94}},"28":{"start":{"line":221,"column":4},"end":{"line":221,"column":75}},"29":{"start":{"line":221,"column":28},"end":{"line":221,"column":75}},"30":{"start":{"line":222,"column":4},"end":{"line":222,"column":96}},"31":{"start":{"line":222,"column":35},"end":{"line":222,"column":96}},"32":{"start":{"line":223,"column":4},"end":{"line":223,"column":66}},"33":{"start":{"line":223,"column":25},"end":{"line":223,"column":66}},"34":{"start":{"line":224,"column":4},"end":{"line":224,"column":102}},"35":{"start":{"line":224,"column":37},"end":{"line":224,"column":102}},"36":{"start":{"line":225,"column":4},"end":{"line":225,"column":63}},"37":{"start":{"line":225,"column":24},"end":{"line":225,"column":63}},"38":{"start":{"line":226,"column":4},"end":{"line":226,"column":84}},"39":{"start":{"line":226,"column":31},"end":{"line":226,"column":84}},"40":{"start":{"line":227,"column":4},"end":{"line":227,"column":84}},"41":{"start":{"line":227,"column":31},"end":{"line":227,"column":84}},"42":{"start":{"line":228,"column":4},"end":{"line":228,"column":90}},"43":{"start":{"line":228,"column":33},"end":{"line":228,"column":90}},"44":{"start":{"line":230,"column":19},"end":{"line":234,"column":6}},"45":{"start":{"line":235,"column":4},"end":{"line":235,"column":61}},"46":{"start":{"line":239,"column":4},"end":{"line":239,"column":59}},"47":{"start":{"line":243,"column":18},"end":{"line":243,"column":28}},"48":{"start":{"line":244,"column":4},"end":{"line":254,"column":7}},"49":{"start":{"line":93,"column":0},"end":{"line":93,"column":13}},"50":{"start":{"line":262,"column":13},"end":{"line":262,"column":61}}},"fnMap":{"0":{"name":"toNull","decl":{"start":{"line":21,"column":9},"end":{"line":21,"column":15}},"loc":{"start":{"line":21,"column":39},"end":{"line":23,"column":1}}},"1":{"name":"(anonymous_2)","decl":{"start":{"line":98,"column":2},"end":{"line":98,"column":7}},"loc":{"start":{"line":98,"column":49},"end":{"line":119,"column":3}}},"2":{"name":"(anonymous_3)","decl":{"start":{"line":121,"column":2},"end":{"line":121,"column":7}},"loc":{"start":{"line":121,"column":27},"end":{"line":127,"column":3}}},"3":{"name":"(anonymous_4)","decl":{"start":{"line":129,"column":2},"end":{"line":129,"column":7}},"loc":{"start":{"line":131,"column":31},"end":{"line":169,"column":3}}},"4":{"name":"(anonymous_5)","decl":{"start":{"line":171,"column":2},"end":{"line":171,"column":7}},"loc":{"start":{"line":173,"column":31},"end":{"line":211,"column":3}}},"5":{"name":"(anonymous_6)","decl":{"start":{"line":213,"column":2},"end":{"line":213,"column":7}},"loc":{"start":{"line":213,"column":61},"end":{"line":236,"column":3}}},"6":{"name":"(anonymous_7)","decl":{"start":{"line":238,"column":2},"end":{"line":238,"column":7}},"loc":{"start":{"line":238,"column":25},"end":{"line":240,"column":3}}},"7":{"name":"(anonymous_8)","decl":{"start":{"line":242,"column":2},"end":{"line":242,"column":7}},"loc":{"start":{"line":242,"column":35},"end":{"line":255,"column":3}}}},"branchMap":{"0":{"loc":{"start":{"line":22,"column":9},"end":{"line":22,"column":43}},"type":"cond-expr","locations":[{"start":{"line":22,"column":31},"end":{"line":22,"column":35}},{"start":{"line":22,"column":38},"end":{"line":22,"column":43}}]},"1":{"loc":{"start":{"line":104,"column":24},"end":{"line":104,"column":51}},"type":"binary-expr","locations":[{"start":{"line":104,"column":24},"end":{"line":104,"column":43}},{"start":{"line":104,"column":47},"end":{"line":104,"column":51}}]},"2":{"loc":{"start":{"line":138,"column":10},"end":{"line":138,"column":44}},"type":"cond-expr","locations":[{"start":{"line":138,"column":31},"end":{"line":138,"column":39}},{"start":{"line":138,"column":42},"end":{"line":138,"column":44}}]},"3":{"loc":{"start":{"line":139,"column":10},"end":{"line":146,"column":12}},"type":"cond-expr","locations":[{"start":{"line":140,"column":10},"end":{"line":145,"column":null}},{"start":{"line":146,"column":10},"end":{"line":146,"column":12}}]},"4":{"loc":{"start":{"line":139,"column":11},"end":{"line":139,"column":63}},"type":"binary-expr","locations":[{"start":{"line":139,"column":11},"end":{"line":139,"column":35}},{"start":{"line":139,"column":39},"end":{"line":139,"column":63}}]},"5":{"loc":{"start":{"line":142,"column":18},"end":{"line":142,"column":69}},"type":"cond-expr","locations":[{"start":{"line":142,"column":45},"end":{"line":142,"column":64}},{"start":{"line":142,"column":67},"end":{"line":142,"column":69}}]},"6":{"loc":{"start":{"line":143,"column":18},"end":{"line":143,"column":69}},"type":"cond-expr","locations":[{"start":{"line":143,"column":45},"end":{"line":143,"column":64}},{"start":{"line":143,"column":67},"end":{"line":143,"column":69}}]},"7":{"loc":{"start":{"line":147,"column":10},"end":{"line":147,"column":80}},"type":"cond-expr","locations":[{"start":{"line":147,"column":37},"end":{"line":147,"column":75}},{"start":{"line":147,"column":78},"end":{"line":147,"column":80}}]},"8":{"loc":{"start":{"line":180,"column":10},"end":{"line":180,"column":44}},"type":"cond-expr","locations":[{"start":{"line":180,"column":31},"end":{"line":180,"column":39}},{"start":{"line":180,"column":42},"end":{"line":180,"column":44}}]},"9":{"loc":{"start":{"line":181,"column":10},"end":{"line":188,"column":12}},"type":"cond-expr","locations":[{"start":{"line":182,"column":10},"end":{"line":187,"column":null}},{"start":{"line":188,"column":10},"end":{"line":188,"column":12}}]},"10":{"loc":{"start":{"line":181,"column":11},"end":{"line":181,"column":63}},"type":"binary-expr","locations":[{"start":{"line":181,"column":11},"end":{"line":181,"column":35}},{"start":{"line":181,"column":39},"end":{"line":181,"column":63}}]},"11":{"loc":{"start":{"line":184,"column":18},"end":{"line":184,"column":69}},"type":"cond-expr","locations":[{"start":{"line":184,"column":45},"end":{"line":184,"column":64}},{"start":{"line":184,"column":67},"end":{"line":184,"column":69}}]},"12":{"loc":{"start":{"line":185,"column":18},"end":{"line":185,"column":69}},"type":"cond-expr","locations":[{"start":{"line":185,"column":45},"end":{"line":185,"column":64}},{"start":{"line":185,"column":67},"end":{"line":185,"column":69}}]},"13":{"loc":{"start":{"line":189,"column":10},"end":{"line":189,"column":80}},"type":"cond-expr","locations":[{"start":{"line":189,"column":37},"end":{"line":189,"column":75}},{"start":{"line":189,"column":78},"end":{"line":189,"column":80}}]},"14":{"loc":{"start":{"line":217,"column":4},"end":{"line":217,"column":64}},"type":"if","locations":[{"start":{"line":217,"column":4},"end":{"line":217,"column":64}}]},"15":{"loc":{"start":{"line":218,"column":4},"end":{"line":218,"column":67}},"type":"if","locations":[{"start":{"line":218,"column":4},"end":{"line":218,"column":67}}]},"16":{"loc":{"start":{"line":219,"column":4},"end":{"line":219,"column":91}},"type":"if","locations":[{"start":{"line":219,"column":4},"end":{"line":219,"column":91}}]},"17":{"loc":{"start":{"line":220,"column":4},"end":{"line":220,"column":94}},"type":"if","locations":[{"start":{"line":220,"column":4},"end":{"line":220,"column":94}}]},"18":{"loc":{"start":{"line":221,"column":4},"end":{"line":221,"column":75}},"type":"if","locations":[{"start":{"line":221,"column":4},"end":{"line":221,"column":75}}]},"19":{"loc":{"start":{"line":222,"column":4},"end":{"line":222,"column":96}},"type":"if","locations":[{"start":{"line":222,"column":4},"end":{"line":222,"column":96}}]},"20":{"loc":{"start":{"line":223,"column":4},"end":{"line":223,"column":66}},"type":"if","locations":[{"start":{"line":223,"column":4},"end":{"line":223,"column":66}}]},"21":{"loc":{"start":{"line":224,"column":4},"end":{"line":224,"column":102}},"type":"if","locations":[{"start":{"line":224,"column":4},"end":{"line":224,"column":102}}]},"22":{"loc":{"start":{"line":225,"column":4},"end":{"line":225,"column":63}},"type":"if","locations":[{"start":{"line":225,"column":4},"end":{"line":225,"column":63}}]},"23":{"loc":{"start":{"line":226,"column":4},"end":{"line":226,"column":84}},"type":"if","locations":[{"start":{"line":226,"column":4},"end":{"line":226,"column":84}}]},"24":{"loc":{"start":{"line":227,"column":4},"end":{"line":227,"column":84}},"type":"if","locations":[{"start":{"line":227,"column":4},"end":{"line":227,"column":84}}]},"25":{"loc":{"start":{"line":228,"column":4},"end":{"line":228,"column":90}},"type":"if","locations":[{"start":{"line":228,"column":4},"end":{"line":228,"column":90}}]}},"s":{"0":1,"1":0,"2":1,"3":0,"4":0,"5":0,"6":0,"7":0,"8":0,"9":0,"10":0,"11":0,"12":0,"13":0,"14":0,"15":0,"16":0,"17":0,"18":0,"19":0,"20":0,"21":0,"22":0,"23":0,"24":0,"25":0,"26":0,"27":0,"28":0,"29":0,"30":0,"31":0,"32":0,"33":0,"34":0,"35":0,"36":0,"37":0,"38":0,"39":0,"40":0,"41":0,"42":0,"43":0,"44":0,"45":0,"46":0,"47":0,"48":0,"49":1,"50":1},"f":{"0":0,"1":0,"2":0,"3":0,"4":0,"5":0,"6":0,"7":0},"b":{"0":[0,0],"1":[0,0],"2":[0,0],"3":[0,0],"4":[0,0],"5":[0,0],"6":[0,0],"7":[0,0],"8":[0,0],"9":[0,0],"10":[0,0],"11":[0,0],"12":[0,0],"13":[0,0],"14":[0],"15":[0],"16":[0],"17":[0],"18":[0],"19":[0],"20":[0],"21":[0],"22":[0],"23":[0],"24":[0],"25":[0]}}
,"C:\\Users\\User\\Documents\\Pao 5\\Tecnologia web\\Nueva carpeta\\Trazabilidad_Bovina\\backend\\src\\repositories\\pesaje.repository.ts": {"path":"C:\\Users\\User\\Documents\\Pao 5\\Tecnologia web\\Nueva carpeta\\Trazabilidad_Bovina\\backend\\src\\repositories\\pesaje.repository.ts","statementMap":{"0":{"start":{"line":6,"column":0},"end":{"line":6,"column":40}},"1":{"start":{"line":22,"column":4},"end":{"line":22,"column":42}},"2":{"start":{"line":26,"column":4},"end":{"line":26,"column":55}},"3":{"start":{"line":30,"column":4},"end":{"line":36,"column":7}},"4":{"start":{"line":40,"column":43},"end":{"line":40,"column":45}},"5":{"start":{"line":41,"column":4},"end":{"line":41,"column":56}},"6":{"start":{"line":41,"column":24},"end":{"line":41,"column":56}},"7":{"start":{"line":43,"column":17},"end":{"line":43,"column":47}},"8":{"start":{"line":45,"column":26},"end":{"line":53,"column":6}},"9":{"start":{"line":55,"column":4},"end":{"line":63,"column":6}},"10":{"start":{"line":67,"column":4},"end":{"line":67,"column":57}},"11":{"start":{"line":71,"column":4},"end":{"line":71,"column":50}},"12":{"start":{"line":20,"column":0},"end":{"line":20,"column":13}},"13":{"start":{"line":75,"column":13},"end":{"line":75,"column":55}}},"fnMap":{"0":{"name":"(anonymous_1)","decl":{"start":{"line":21,"column":2},"end":{"line":21,"column":7}},"loc":{"start":{"line":21,"column":54},"end":{"line":23,"column":3}}},"1":{"name":"(anonymous_2)","decl":{"start":{"line":25,"column":2},"end":{"line":25,"column":7}},"loc":{"start":{"line":25,"column":27},"end":{"line":27,"column":3}}},"2":{"name":"(anonymous_3)","decl":{"start":{"line":29,"column":2},"end":{"line":29,"column":7}},"loc":{"start":{"line":29,"column":56},"end":{"line":37,"column":3}}},"3":{"name":"(anonymous_4)","decl":{"start":{"line":39,"column":2},"end":{"line":39,"column":7}},"loc":{"start":{"line":39,"column":37},"end":{"line":64,"column":3}}},"4":{"name":"(anonymous_5)","decl":{"start":{"line":66,"column":2},"end":{"line":66,"column":7}},"loc":{"start":{"line":66,"column":57},"end":{"line":68,"column":3}}},"5":{"name":"(anonymous_6)","decl":{"start":{"line":70,"column":2},"end":{"line":70,"column":7}},"loc":{"start":{"line":70,"column":25},"end":{"line":72,"column":3}}}},"branchMap":{"0":{"loc":{"start":{"line":41,"column":4},"end":{"line":41,"column":56}},"type":"if","locations":[{"start":{"line":41,"column":4},"end":{"line":41,"column":56}}]}},"s":{"0":1,"1":0,"2":0,"3":0,"4":0,"5":0,"6":0,"7":0,"8":0,"9":0,"10":0,"11":0,"12":1,"13":1},"f":{"0":0,"1":0,"2":0,"3":0,"4":0,"5":0},"b":{"0":[0]}}
,"C:\\Users\\User\\Documents\\Pao 5\\Tecnologia web\\Nueva carpeta\\Trazabilidad_Bovina\\backend\\src\\repositories\\reproduccion.repository.ts": {"path":"C:\\Users\\User\\Documents\\Pao 5\\Tecnologia web\\Nueva carpeta\\Trazabilidad_Bovina\\backend\\src\\repositories\\reproduccion.repository.ts","statementMap":{"0":{"start":{"line":6,"column":0},"end":{"line":6,"column":40}},"1":{"start":{"line":11,"column":4},"end":{"line":11,"column":54}},"2":{"start":{"line":15,"column":4},"end":{"line":18,"column":7}},"3":{"start":{"line":22,"column":4},"end":{"line":22,"column":62}},"4":{"start":{"line":26,"column":4},"end":{"line":26,"column":67}},"5":{"start":{"line":9,"column":0},"end":{"line":9,"column":13}},"6":{"start":{"line":30,"column":13},"end":{"line":30,"column":67}}},"fnMap":{"0":{"name":"(anonymous_1)","decl":{"start":{"line":10,"column":2},"end":{"line":10,"column":7}},"loc":{"start":{"line":10,"column":72},"end":{"line":12,"column":3}}},"1":{"name":"(anonymous_2)","decl":{"start":{"line":14,"column":2},"end":{"line":14,"column":7}},"loc":{"start":{"line":14,"column":44},"end":{"line":19,"column":3}}},"2":{"name":"(anonymous_3)","decl":{"start":{"line":21,"column":2},"end":{"line":21,"column":7}},"loc":{"start":{"line":21,"column":31},"end":{"line":23,"column":3}}},"3":{"name":"(anonymous_4)","decl":{"start":{"line":25,"column":2},"end":{"line":25,"column":7}},"loc":{"start":{"line":25,"column":33},"end":{"line":27,"column":3}}}},"branchMap":{},"s":{"0":1,"1":0,"2":0,"3":0,"4":0,"5":1,"6":1},"f":{"0":0,"1":0,"2":0,"3":0},"b":{}}
,"C:\\Users\\User\\Documents\\Pao 5\\Tecnologia web\\Nueva carpeta\\Trazabilidad_Bovina\\backend\\src\\services\\animal.service.ts": {"path":"C:\\Users\\User\\Documents\\Pao 5\\Tecnologia web\\Nueva carpeta\\Trazabilidad_Bovina\\backend\\src\\services\\animal.service.ts","statementMap":{"0":{"start":{"line":6,"column":0},"end":{"line":6,"column":40}},"1":{"start":{"line":7,"column":0},"end":{"line":7,"column":69}},"2":{"start":{"line":9,"column":0},"end":{"line":9,"column":82}},"3":{"start":{"line":14,"column":31},"end":{"line":14,"column":54}},"4":{"start":{"line":20,"column":19},"end":{"line":20,"column":71}},"5":{"start":{"line":21,"column":4},"end":{"line":26,"column":5}},"6":{"start":{"line":22,"column":6},"end":{"line":25,"column":8}},"7":{"start":{"line":28,"column":4},"end":{"line":126,"column":7}},"8":{"start":{"line":30,"column":21},"end":{"line":30,"column":80}},"9":{"start":{"line":31,"column":6},"end":{"line":31,"column":87}},"10":{"start":{"line":31,"column":19},"end":{"line":31,"column":87}},"11":{"start":{"line":34,"column":26},"end":{"line":34,"column":61}},"12":{"start":{"line":36,"column":22},"end":{"line":38,"column":8}},"13":{"start":{"line":40,"column":6},"end":{"line":49,"column":7}},"14":{"start":{"line":41,"column":8},"end":{"line":43,"column":11}},"15":{"start":{"line":45,"column":8},"end":{"line":48,"column":11}},"16":{"start":{"line":51,"column":19},"end":{"line":51,"column":105}},"17":{"start":{"line":53,"column":21},"end":{"line":53,"column":72}},"18":{"start":{"line":54,"column":21},"end":{"line":70,"column":8}},"19":{"start":{"line":73,"column":6},"end":{"line":84,"column":7}},"20":{"start":{"line":74,"column":9},"end":{"line":83,"column":12}},"21":{"start":{"line":87,"column":6},"end":{"line":98,"column":7}},"22":{"start":{"line":88,"column":9},"end":{"line":97,"column":12}},"23":{"start":{"line":101,"column":6},"end":{"line":111,"column":7}},"24":{"start":{"line":102,"column":9},"end":{"line":110,"column":12}},"25":{"start":{"line":114,"column":6},"end":{"line":123,"column":9}},"26":{"start":{"line":125,"column":6},"end":{"line":125,"column":20}},"27":{"start":{"line":133,"column":19},"end":{"line":133,"column":47}},"28":{"start":{"line":134,"column":4},"end":{"line":136,"column":5}},"29":{"start":{"line":135,"column":6},"end":{"line":135,"column":87}},"30":{"start":{"line":137,"column":4},"end":{"line":137,"column":18}},"31":{"start":{"line":144,"column":19},"end":{"line":144,"column":67}},"32":{"start":{"line":145,"column":4},"end":{"line":147,"column":5}},"33":{"start":{"line":146,"column":6},"end":{"line":146,"column":101}},"34":{"start":{"line":148,"column":4},"end":{"line":148,"column":18}},"35":{"start":{"line":155,"column":4},"end":{"line":155,"column":36}},"36":{"start":{"line":164,"column":19},"end":{"line":164,"column":47}},"37":{"start":{"line":165,"column":4},"end":{"line":167,"column":5}},"38":{"start":{"line":166,"column":6},"end":{"line":166,"column":87}},"39":{"start":{"line":170,"column":4},"end":{"line":175,"column":5}},"40":{"start":{"line":171,"column":6},"end":{"line":174,"column":8}},"41":{"start":{"line":177,"column":4},"end":{"line":195,"column":7}},"42":{"start":{"line":178,"column":32},"end":{"line":181,"column":8}},"43":{"start":{"line":183,"column":6},"end":{"line":192,"column":9}},"44":{"start":{"line":194,"column":6},"end":{"line":194,"column":31}},"45":{"start":{"line":202,"column":19},"end":{"line":202,"column":47}},"46":{"start":{"line":203,"column":4},"end":{"line":205,"column":5}},"47":{"start":{"line":204,"column":6},"end":{"line":204,"column":87}},"48":{"start":{"line":207,"column":4},"end":{"line":223,"column":7}},"49":{"start":{"line":208,"column":6},"end":{"line":211,"column":9}},"50":{"start":{"line":213,"column":6},"end":{"line":222,"column":9}},"51":{"start":{"line":230,"column":4},"end":{"line":234,"column":5}},"52":{"start":{"line":231,"column":6},"end":{"line":231,"column":56}},"53":{"start":{"line":233,"column":6},"end":{"line":233,"column":66}},"54":{"start":{"line":236,"column":4},"end":{"line":238,"column":5}},"55":{"start":{"line":237,"column":6},"end":{"line":237,"column":74}},"56":{"start":{"line":241,"column":19},"end":{"line":257,"column":6}},"57":{"start":{"line":259,"column":4},"end":{"line":259,"column":85}},"58":{"start":{"line":259,"column":17},"end":{"line":259,"column":85}},"59":{"start":{"line":262,"column":33},"end":{"line":262,"column":35}},"60":{"start":{"line":265,"column":4},"end":{"line":274,"column":5}},"61":{"start":{"line":266,"column":6},"end":{"line":273,"column":9}},"62":{"start":{"line":277,"column":4},"end":{"line":286,"column":5}},"63":{"start":{"line":278,"column":6},"end":{"line":285,"column":9}},"64":{"start":{"line":289,"column":4},"end":{"line":301,"column":5}},"65":{"start":{"line":289,"column":17},"end":{"line":289,"column":18}},"66":{"start":{"line":290,"column":16},"end":{"line":290,"column":33}},"67":{"start":{"line":291,"column":29},"end":{"line":291,"column":50}},"68":{"start":{"line":292,"column":23},"end":{"line":292,"column":77}},"69":{"start":{"line":293,"column":6},"end":{"line":300,"column":9}},"70":{"start":{"line":304,"column":4},"end":{"line":313,"column":5}},"71":{"start":{"line":305,"column":6},"end":{"line":312,"column":9}},"72":{"start":{"line":316,"column":4},"end":{"line":325,"column":5}},"73":{"start":{"line":317,"column":6},"end":{"line":324,"column":9}},"74":{"start":{"line":328,"column":4},"end":{"line":328,"column":72}},"75":{"start":{"line":328,"column":33},"end":{"line":328,"column":70}},"76":{"start":{"line":331,"column":20},"end":{"line":331,"column":22}},"77":{"start":{"line":332,"column":4},"end":{"line":350,"column":5}},"78":{"start":{"line":333,"column":27},"end":{"line":335,"column":85}},"79":{"start":{"line":334,"column":21},"end":{"line":334,"column":70}},"80":{"start":{"line":335,"column":24},"end":{"line":335,"column":81}},"81":{"start":{"line":337,"column":6},"end":{"line":349,"column":7}},"82":{"start":{"line":338,"column":30},"end":{"line":338,"column":128}},"83":{"start":{"line":339,"column":8},"end":{"line":348,"column":11}},"84":{"start":{"line":352,"column":4},"end":{"line":381,"column":6}},"85":{"start":{"line":371,"column":64},"end":{"line":371,"column":87}},"86":{"start":{"line":372,"column":64},"end":{"line":372,"column":88}},"87":{"start":{"line":373,"column":64},"end":{"line":373,"column":88}},"88":{"start":{"line":378,"column":84},"end":{"line":378,"column":90}},"89":{"start":{"line":379,"column":84},"end":{"line":379,"column":90}},"90":{"start":{"line":388,"column":19},"end":{"line":388,"column":47}},"91":{"start":{"line":389,"column":4},"end":{"line":389,"column":86}},"92":{"start":{"line":389,"column":17},"end":{"line":389,"column":86}},"93":{"start":{"line":391,"column":4},"end":{"line":394,"column":7}},"94":{"start":{"line":396,"column":4},"end":{"line":404,"column":7}},"95":{"start":{"line":411,"column":19},"end":{"line":411,"column":47}},"96":{"start":{"line":412,"column":4},"end":{"line":412,"column":86}},"97":{"start":{"line":412,"column":17},"end":{"line":412,"column":86}},"98":{"start":{"line":414,"column":4},"end":{"line":417,"column":7}},"99":{"start":{"line":419,"column":4},"end":{"line":427,"column":7}},"100":{"start":{"line":13,"column":0},"end":{"line":13,"column":13}},"101":{"start":{"line":431,"column":13},"end":{"line":431,"column":65}}},"fnMap":{"0":{"name":"(anonymous_1)","decl":{"start":{"line":14,"column":2},"end":{"line":14,"column":31}},"loc":{"start":{"line":14,"column":54},"end":{"line":14,"column":58}}},"1":{"name":"(anonymous_2)","decl":{"start":{"line":19,"column":2},"end":{"line":19,"column":7}},"loc":{"start":{"line":19,"column":78},"end":{"line":127,"column":3}}},"2":{"name":"(anonymous_3)","decl":{"start":{"line":28,"column":31},"end":{"line":28,"column":36}},"loc":{"start":{"line":28,"column":44},"end":{"line":126,"column":5}}},"3":{"name":"(anonymous_4)","decl":{"start":{"line":132,"column":2},"end":{"line":132,"column":7}},"loc":{"start":{"line":132,"column":27},"end":{"line":138,"column":3}}},"4":{"name":"(anonymous_5)","decl":{"start":{"line":143,"column":2},"end":{"line":143,"column":7}},"loc":{"start":{"line":143,"column":47},"end":{"line":149,"column":3}}},"5":{"name":"(anonymous_6)","decl":{"start":{"line":154,"column":2},"end":{"line":154,"column":7}},"loc":{"start":{"line":154,"column":37},"end":{"line":156,"column":3}}},"6":{"name":"(anonymous_7)","decl":{"start":{"line":163,"column":2},"end":{"line":163,"column":7}},"loc":{"start":{"line":163,"column":76},"end":{"line":196,"column":3}}},"7":{"name":"(anonymous_8)","decl":{"start":{"line":177,"column":31},"end":{"line":177,"column":36}},"loc":{"start":{"line":177,"column":44},"end":{"line":195,"column":5}}},"8":{"name":"(anonymous_9)","decl":{"start":{"line":201,"column":2},"end":{"line":201,"column":7}},"loc":{"start":{"line":201,"column":54},"end":{"line":224,"column":3}}},"9":{"name":"(anonymous_10)","decl":{"start":{"line":207,"column":30},"end":{"line":207,"column":35}},"loc":{"start":{"line":207,"column":43},"end":{"line":223,"column":5}}},"10":{"name":"(anonymous_11)","decl":{"start":{"line":228,"column":2},"end":{"line":228,"column":7}},"loc":{"start":{"line":228,"column":49},"end":{"line":382,"column":3}}},"11":{"name":"(anonymous_12)","decl":{"start":{"line":328,"column":23},"end":{"line":328,"column":24}},"loc":{"start":{"line":328,"column":33},"end":{"line":328,"column":70}}},"12":{"name":"(anonymous_13)","decl":{"start":{"line":334,"column":16},"end":{"line":334,"column":17}},"loc":{"start":{"line":334,"column":21},"end":{"line":334,"column":70}}},"13":{"name":"(anonymous_14)","decl":{"start":{"line":335,"column":14},"end":{"line":335,"column":15}},"loc":{"start":{"line":335,"column":24},"end":{"line":335,"column":81}}},"14":{"name":"(anonymous_15)","decl":{"start":{"line":371,"column":59},"end":{"line":371,"column":60}},"loc":{"start":{"line":371,"column":64},"end":{"line":371,"column":87}}},"15":{"name":"(anonymous_16)","decl":{"start":{"line":372,"column":59},"end":{"line":372,"column":60}},"loc":{"start":{"line":372,"column":64},"end":{"line":372,"column":88}}},"16":{"name":"(anonymous_17)","decl":{"start":{"line":373,"column":59},"end":{"line":373,"column":60}},"loc":{"start":{"line":373,"column":64},"end":{"line":373,"column":88}}},"17":{"name":"(anonymous_18)","decl":{"start":{"line":378,"column":79},"end":{"line":378,"column":80}},"loc":{"start":{"line":378,"column":84},"end":{"line":378,"column":90}}},"18":{"name":"(anonymous_19)","decl":{"start":{"line":379,"column":79},"end":{"line":379,"column":80}},"loc":{"start":{"line":379,"column":84},"end":{"line":379,"column":90}}},"19":{"name":"(anonymous_20)","decl":{"start":{"line":387,"column":2},"end":{"line":387,"column":7}},"loc":{"start":{"line":387,"column":47},"end":{"line":405,"column":3}}},"20":{"name":"(anonymous_21)","decl":{"start":{"line":410,"column":2},"end":{"line":410,"column":7}},"loc":{"start":{"line":410,"column":48},"end":{"line":428,"column":3}}}},"branchMap":{"0":{"loc":{"start":{"line":21,"column":4},"end":{"line":26,"column":5}},"type":"if","locations":[{"start":{"line":21,"column":4},"end":{"line":26,"column":5}}]},"1":{"loc":{"start":{"line":31,"column":6},"end":{"line":31,"column":87}},"type":"if","locations":[{"start":{"line":31,"column":6},"end":{"line":31,"column":87}}]},"2":{"loc":{"start":{"line":40,"column":6},"end":{"line":49,"column":7}},"type":"if","locations":[{"start":{"line":40,"column":6},"end":{"line":49,"column":7}},{"start":{"line":44,"column":13},"end":{"line":49,"column":7}}]},"3":{"loc":{"start":{"line":53,"column":21},"end":{"line":53,"column":72}},"type":"cond-expr","locations":[{"start":{"line":53,"column":39},"end":{"line":53,"column":47}},{"start":{"line":53,"column":50},"end":{"line":53,"column":72}}]},"4":{"loc":{"start":{"line":73,"column":6},"end":{"line":84,"column":7}},"type":"if","locations":[{"start":{"line":73,"column":6},"end":{"line":84,"column":7}}]},"5":{"loc":{"start":{"line":78,"column":20},"end":{"line":78,"column":53}},"type":"binary-expr","locations":[{"start":{"line":78,"column":20},"end":{"line":78,"column":39}},{"start":{"line":78,"column":43},"end":{"line":78,"column":53}}]},"6":{"loc":{"start":{"line":87,"column":6},"end":{"line":98,"column":7}},"type":"if","locations":[{"start":{"line":87,"column":6},"end":{"line":98,"column":7}}]},"7":{"loc":{"start":{"line":92,"column":20},"end":{"line":92,"column":53}},"type":"binary-expr","locations":[{"start":{"line":92,"column":20},"end":{"line":92,"column":39}},{"start":{"line":92,"column":43},"end":{"line":92,"column":53}}]},"8":{"loc":{"start":{"line":101,"column":6},"end":{"line":111,"column":7}},"type":"if","locations":[{"start":{"line":101,"column":6},"end":{"line":111,"column":7}}]},"9":{"loc":{"start":{"line":101,"column":10},"end":{"line":101,"column":49}},"type":"binary-expr","locations":[{"start":{"line":101,"column":10},"end":{"line":101,"column":24}},{"start":{"line":101,"column":28},"end":{"line":101,"column":49}}]},"10":{"loc":{"start":{"line":120,"column":14},"end":{"line":120,"column":24}},"type":"binary-expr","locations":[{"start":{"line":120,"column":14},"end":{"line":120,"column":16}},{"start":{"line":120,"column":20},"end":{"line":120,"column":24}}]},"11":{"loc":{"start":{"line":134,"column":4},"end":{"line":136,"column":5}},"type":"if","locations":[{"start":{"line":134,"column":4},"end":{"line":136,"column":5}}]},"12":{"loc":{"start":{"line":145,"column":4},"end":{"line":147,"column":5}},"type":"if","locations":[{"start":{"line":145,"column":4},"end":{"line":147,"column":5}}]},"13":{"loc":{"start":{"line":165,"column":4},"end":{"line":167,"column":5}},"type":"if","locations":[{"start":{"line":165,"column":4},"end":{"line":167,"column":5}}]},"14":{"loc":{"start":{"line":170,"column":4},"end":{"line":175,"column":5}},"type":"if","locations":[{"start":{"line":170,"column":4},"end":{"line":175,"column":5}}]},"15":{"loc":{"start":{"line":189,"column":14},"end":{"line":189,"column":24}},"type":"binary-expr","locations":[{"start":{"line":189,"column":14},"end":{"line":189,"column":16}},{"start":{"line":189,"column":20},"end":{"line":189,"column":24}}]},"16":{"loc":{"start":{"line":203,"column":4},"end":{"line":205,"column":5}},"type":"if","locations":[{"start":{"line":203,"column":4},"end":{"line":205,"column":5}}]},"17":{"loc":{"start":{"line":219,"column":14},"end":{"line":219,"column":24}},"type":"binary-expr","locations":[{"start":{"line":219,"column":14},"end":{"line":219,"column":16}},{"start":{"line":219,"column":20},"end":{"line":219,"column":24}}]},"18":{"loc":{"start":{"line":230,"column":4},"end":{"line":234,"column":5}},"type":"if","locations":[{"start":{"line":230,"column":4},"end":{"line":234,"column":5}},{"start":{"line":232,"column":11},"end":{"line":234,"column":5}}]},"19":{"loc":{"start":{"line":236,"column":4},"end":{"line":238,"column":5}},"type":"if","locations":[{"start":{"line":236,"column":4},"end":{"line":238,"column":5}}]},"20":{"loc":{"start":{"line":259,"column":4},"end":{"line":259,"column":85}},"type":"if","locations":[{"start":{"line":259,"column":4},"end":{"line":259,"column":85}}]},"21":{"loc":{"start":{"line":265,"column":4},"end":{"line":274,"column":5}},"type":"if","locations":[{"start":{"line":265,"column":4},"end":{"line":274,"column":5}}]},"22":{"loc":{"start":{"line":271,"column":21},"end":{"line":271,"column":95}},"type":"cond-expr","locations":[{"start":{"line":271,"column":45},"end":{"line":271,"column":90}},{"start":{"line":271,"column":93},"end":{"line":271,"column":95}}]},"23":{"loc":{"start":{"line":282,"column":32},"end":{"line":282,"column":52}},"type":"binary-expr","locations":[{"start":{"line":282,"column":32},"end":{"line":282,"column":43}},{"start":{"line":282,"column":47},"end":{"line":282,"column":52}}]},"24":{"loc":{"start":{"line":292,"column":23},"end":{"line":292,"column":77}},"type":"cond-expr","locations":[{"start":{"line":292,"column":41},"end":{"line":292,"column":69}},{"start":{"line":292,"column":73},"end":{"line":292,"column":77}}]},"25":{"loc":{"start":{"line":298,"column":28},"end":{"line":298,"column":56}},"type":"binary-expr","locations":[{"start":{"line":298,"column":28},"end":{"line":298,"column":47}},{"start":{"line":298,"column":51},"end":{"line":298,"column":56}}]},"26":{"loc":{"start":{"line":298,"column":71},"end":{"line":298,"column":154}},"type":"cond-expr","locations":[{"start":{"line":298,"column":91},"end":{"line":298,"column":146}},{"start":{"line":298,"column":149},"end":{"line":298,"column":154}}]},"27":{"loc":{"start":{"line":298,"column":92},"end":{"line":298,"column":115}},"type":"cond-expr","locations":[{"start":{"line":298,"column":107},"end":{"line":298,"column":110}},{"start":{"line":298,"column":113},"end":{"line":298,"column":115}}]},"28":{"loc":{"start":{"line":310,"column":21},"end":{"line":310,"column":43}},"type":"binary-expr","locations":[{"start":{"line":310,"column":21},"end":{"line":310,"column":37}},{"start":{"line":310,"column":41},"end":{"line":310,"column":43}}]},"29":{"loc":{"start":{"line":322,"column":33},"end":{"line":322,"column":67}},"type":"binary-expr","locations":[{"start":{"line":322,"column":33},"end":{"line":322,"column":58}},{"start":{"line":322,"column":62},"end":{"line":322,"column":67}}]},"30":{"loc":{"start":{"line":332,"column":4},"end":{"line":350,"column":5}},"type":"if","locations":[{"start":{"line":332,"column":4},"end":{"line":350,"column":5}}]},"31":{"loc":{"start":{"line":334,"column":21},"end":{"line":334,"column":70}},"type":"binary-expr","locations":[{"start":{"line":334,"column":21},"end":{"line":334,"column":37}},{"start":{"line":334,"column":41},"end":{"line":334,"column":70}}]},"32":{"loc":{"start":{"line":337,"column":6},"end":{"line":349,"column":7}},"type":"if","locations":[{"start":{"line":337,"column":6},"end":{"line":349,"column":7}}]},"33":{"loc":{"start":{"line":360,"column":20},"end":{"line":360,"column":68}},"type":"binary-expr","locations":[{"start":{"line":360,"column":20},"end":{"line":360,"column":43}},{"start":{"line":360,"column":47},"end":{"line":360,"column":68}}]},"34":{"loc":{"start":{"line":368,"column":20},"end":{"line":368,"column":45}},"type":"binary-expr","locations":[{"start":{"line":368,"column":20},"end":{"line":368,"column":37}},{"start":{"line":368,"column":41},"end":{"line":368,"column":45}}]},"35":{"loc":{"start":{"line":378,"column":20},"end":{"line":378,"column":99}},"type":"cond-expr","locations":[{"start":{"line":378,"column":48},"end":{"line":378,"column":92}},{"start":{"line":378,"column":95},"end":{"line":378,"column":99}}]},"36":{"loc":{"start":{"line":379,"column":20},"end":{"line":379,"column":99}},"type":"cond-expr","locations":[{"start":{"line":379,"column":48},"end":{"line":379,"column":92}},{"start":{"line":379,"column":95},"end":{"line":379,"column":99}}]},"37":{"loc":{"start":{"line":389,"column":4},"end":{"line":389,"column":86}},"type":"if","locations":[{"start":{"line":389,"column":4},"end":{"line":389,"column":86}}]},"38":{"loc":{"start":{"line":412,"column":4},"end":{"line":412,"column":86}},"type":"if","locations":[{"start":{"line":412,"column":4},"end":{"line":412,"column":86}}]}},"s":{"0":2,"1":2,"2":2,"3":9,"4":1,"5":1,"6":1,"7":0,"8":0,"9":0,"10":0,"11":0,"12":0,"13":0,"14":0,"15":0,"16":0,"17":0,"18":0,"19":0,"20":0,"21":0,"22":0,"23":0,"24":0,"25":0,"26":0,"27":0,"28":0,"29":0,"30":0,"31":0,"32":0,"33":0,"34":0,"35":1,"36":3,"37":3,"38":0,"39":3,"40":2,"41":1,"42":1,"43":1,"44":1,"45":1,"46":1,"47":0,"48":1,"49":1,"50":1,"51":3,"52":3,"53":0,"54":3,"55":1,"56":2,"57":2,"58":0,"59":2,"60":2,"61":2,"62":2,"63":2,"64":2,"65":2,"66":1,"67":1,"68":1,"69":1,"70":2,"71":0,"72":2,"73":0,"74":2,"75":3,"76":2,"77":2,"78":1,"79":1,"80":0,"81":1,"82":1,"83":1,"84":2,"85":2,"86":2,"87":2,"88":1,"89":1,"90":1,"91":1,"92":0,"93":1,"94":1,"95":1,"96":1,"97":0,"98":1,"99":1,"100":2,"101":2},"f":{"0":9,"1":1,"2":0,"3":0,"4":0,"5":1,"6":3,"7":1,"8":1,"9":1,"10":3,"11":3,"12":1,"13":0,"14":2,"15":2,"16":2,"17":1,"18":1,"19":1,"20":1},"b":{"0":[1],"1":[0],"2":[0,0],"3":[0,0],"4":[0],"5":[0,0],"6":[0],"7":[0,0],"8":[0],"9":[0,0],"10":[0,0],"11":[0],"12":[0],"13":[0],"14":[2],"15":[1,0],"16":[0],"17":[1,0],"18":[3,0],"19":[1],"20":[0],"21":[2],"22":[0,2],"23":[2,1],"24":[0,1],"25":[1,1],"26":[0,1],"27":[0,0],"28":[0,0],"29":[0,0],"30":[1],"31":[1,1],"32":[1],"33":[2,1],"34":[2,1],"35":[1,1],"36":[1,1],"37":[0],"38":[0]}}
,"C:\\Users\\User\\Documents\\Pao 5\\Tecnologia web\\Nueva carpeta\\Trazabilidad_Bovina\\backend\\src\\services\\health.service.ts": {"path":"C:\\Users\\User\\Documents\\Pao 5\\Tecnologia web\\Nueva carpeta\\Trazabilidad_Bovina\\backend\\src\\services\\health.service.ts","statementMap":{"0":{"start":{"line":683,"column":0},"end":{"line":683,"column":16}},"1":{"start":{"line":16,"column":0},"end":{"line":16,"column":40}},"2":{"start":{"line":17,"column":0},"end":{"line":17,"column":67}},"3":{"start":{"line":114,"column":31},"end":{"line":114,"column":54}},"4":{"start":{"line":143,"column":19},"end":{"line":145,"column":6}},"5":{"start":{"line":147,"column":4},"end":{"line":152,"column":5}},"6":{"start":{"line":148,"column":6},"end":{"line":151,"column":8}},"7":{"start":{"line":155,"column":38},"end":{"line":155,"column":42}},"8":{"start":{"line":156,"column":4},"end":{"line":160,"column":5}},"9":{"start":{"line":157,"column":6},"end":{"line":159,"column":8}},"10":{"start":{"line":164,"column":6},"end":{"line":164,"column":60}},"11":{"start":{"line":172,"column":19},"end":{"line":224,"column":6}},"12":{"start":{"line":174,"column":26},"end":{"line":185,"column":8}},"13":{"start":{"line":188,"column":6},"end":{"line":209,"column":7}},"14":{"start":{"line":189,"column":8},"end":{"line":192,"column":11}},"15":{"start":{"line":195,"column":8},"end":{"line":208,"column":11}},"16":{"start":{"line":212,"column":6},"end":{"line":221,"column":9}},"17":{"start":{"line":223,"column":6},"end":{"line":223,"column":25}},"18":{"start":{"line":227,"column":36},"end":{"line":227,"column":83}},"19":{"start":{"line":229,"column":4},"end":{"line":235,"column":6}},"20":{"start":{"line":248,"column":4},"end":{"line":248,"column":39}},"21":{"start":{"line":248,"column":32},"end":{"line":248,"column":39}},"22":{"start":{"line":251,"column":21},"end":{"line":253,"column":6}},"23":{"start":{"line":255,"column":4},"end":{"line":257,"column":5}},"24":{"start":{"line":256,"column":6},"end":{"line":256,"column":106}},"25":{"start":{"line":260,"column":38},"end":{"line":260,"column":42}},"26":{"start":{"line":261,"column":4},"end":{"line":263,"column":5}},"27":{"start":{"line":262,"column":6},"end":{"line":262,"column":95}},"28":{"start":{"line":264,"column":30},"end":{"line":264,"column":84}},"29":{"start":{"line":266,"column":4},"end":{"line":295,"column":7}},"30":{"start":{"line":267,"column":6},"end":{"line":294,"column":7}},"31":{"start":{"line":268,"column":23},"end":{"line":275,"column":10}},"32":{"start":{"line":277,"column":8},"end":{"line":282,"column":9}},"33":{"start":{"line":278,"column":10},"end":{"line":281,"column":13}},"34":{"start":{"line":284,"column":8},"end":{"line":293,"column":11}},"35":{"start":{"line":317,"column":25},"end":{"line":320,"column":6}},"36":{"start":{"line":322,"column":4},"end":{"line":324,"column":5}},"37":{"start":{"line":323,"column":6},"end":{"line":323,"column":93}},"38":{"start":{"line":326,"column":20},"end":{"line":326,"column":52}},"39":{"start":{"line":327,"column":19},"end":{"line":327,"column":68}},"40":{"start":{"line":329,"column":4},"end":{"line":332,"column":6}},"41":{"start":{"line":330,"column":35},"end":{"line":330,"column":113}},"42":{"start":{"line":352,"column":19},"end":{"line":352,"column":53}},"43":{"start":{"line":355,"column":4},"end":{"line":360,"column":5}},"44":{"start":{"line":356,"column":6},"end":{"line":359,"column":8}},"45":{"start":{"line":363,"column":6},"end":{"line":365,"column":40}},"46":{"start":{"line":367,"column":4},"end":{"line":373,"column":6}},"47":{"start":{"line":397,"column":28},"end":{"line":397,"column":62}},"48":{"start":{"line":399,"column":4},"end":{"line":404,"column":5}},"49":{"start":{"line":400,"column":6},"end":{"line":403,"column":8}},"50":{"start":{"line":406,"column":53},"end":{"line":406,"column":63}},"51":{"start":{"line":409,"column":4},"end":{"line":415,"column":5}},"52":{"start":{"line":410,"column":24},"end":{"line":410,"column":58}},"53":{"start":{"line":411,"column":6},"end":{"line":414,"column":17}},"54":{"start":{"line":417,"column":30},"end":{"line":451,"column":6}},"55":{"start":{"line":418,"column":22},"end":{"line":425,"column":8}},"56":{"start":{"line":428,"column":6},"end":{"line":438,"column":7}},"57":{"start":{"line":430,"column":10},"end":{"line":432,"column":22}},"58":{"start":{"line":434,"column":8},"end":{"line":437,"column":11}},"59":{"start":{"line":440,"column":6},"end":{"line":448,"column":9}},"60":{"start":{"line":450,"column":6},"end":{"line":450,"column":21}},"61":{"start":{"line":453,"column":24},"end":{"line":453,"column":73}},"62":{"start":{"line":455,"column":6},"end":{"line":457,"column":45}},"63":{"start":{"line":459,"column":4},"end":{"line":465,"column":6}},"64":{"start":{"line":481,"column":19},"end":{"line":481,"column":53}},"65":{"start":{"line":483,"column":4},"end":{"line":488,"column":5}},"66":{"start":{"line":484,"column":6},"end":{"line":487,"column":8}},"67":{"start":{"line":490,"column":4},"end":{"line":502,"column":7}},"68":{"start":{"line":491,"column":6},"end":{"line":491,"column":67}},"69":{"start":{"line":493,"column":6},"end":{"line":501,"column":9}},"70":{"start":{"line":520,"column":20},"end":{"line":520,"column":52}},"71":{"start":{"line":521,"column":19},"end":{"line":521,"column":61}},"72":{"start":{"line":523,"column":4},"end":{"line":532,"column":6}},"73":{"start":{"line":526,"column":10},"end":{"line":528,"column":39}},"74":{"start":{"line":529,"column":8},"end":{"line":529,"column":109}},"75":{"start":{"line":547,"column":39},"end":{"line":547,"column":84}},"76":{"start":{"line":549,"column":4},"end":{"line":551,"column":5}},"77":{"start":{"line":550,"column":6},"end":{"line":550,"column":47}},"78":{"start":{"line":553,"column":16},"end":{"line":553,"column":49}},"79":{"start":{"line":553,"column":44},"end":{"line":553,"column":48}},"80":{"start":{"line":555,"column":4},"end":{"line":572,"column":7}},"81":{"start":{"line":557,"column":6},"end":{"line":560,"column":9}},"82":{"start":{"line":563,"column":6},"end":{"line":571,"column":9}},"83":{"start":{"line":564,"column":31},"end":{"line":570,"column":10}},"84":{"start":{"line":574,"column":4},"end":{"line":574,"column":63}},"85":{"start":{"line":594,"column":4},"end":{"line":607,"column":5}},"86":{"start":{"line":595,"column":20},"end":{"line":595,"column":30}},"87":{"start":{"line":596,"column":28},"end":{"line":597,"column":null}},"88":{"start":{"line":600,"column":6},"end":{"line":606,"column":8}},"89":{"start":{"line":609,"column":4},"end":{"line":633,"column":6}},"90":{"start":{"line":640,"column":4},"end":{"line":647,"column":6}},"91":{"start":{"line":113,"column":0},"end":{"line":113,"column":13}},"92":{"start":{"line":655,"column":0},"end":{"line":655,"column":69}},"93":{"start":{"line":661,"column":13},"end":{"line":661,"column":65}},"94":{"start":{"line":667,"column":41},"end":{"line":671,"column":11}},"95":{"start":{"line":689,"column":2},"end":{"line":702,"column":3}},"96":{"start":{"line":693,"column":4},"end":{"line":701,"column":6}}},"fnMap":{"0":{"name":"(anonymous_1)","decl":{"start":{"line":114,"column":2},"end":{"line":114,"column":31}},"loc":{"start":{"line":114,"column":54},"end":{"line":114,"column":58}}},"1":{"name":"(anonymous_2)","decl":{"start":{"line":136,"column":2},"end":{"line":136,"column":7}},"loc":{"start":{"line":140,"column":15},"end":{"line":236,"column":3}}},"2":{"name":"(anonymous_3)","decl":{"start":{"line":172,"column":45},"end":{"line":172,"column":50}},"loc":{"start":{"line":172,"column":58},"end":{"line":224,"column":5}}},"3":{"name":"(anonymous_4)","decl":{"start":{"line":242,"column":2},"end":{"line":242,"column":7}},"loc":{"start":{"line":246,"column":15},"end":{"line":296,"column":3}}},"4":{"name":"(anonymous_5)","decl":{"start":{"line":266,"column":30},"end":{"line":266,"column":35}},"loc":{"start":{"line":266,"column":43},"end":{"line":295,"column":5}}},"5":{"name":"(anonymous_6)","decl":{"start":{"line":312,"column":2},"end":{"line":312,"column":7}},"loc":{"start":{"line":315,"column":29},"end":{"line":333,"column":3}}},"6":{"name":"(anonymous_7)","decl":{"start":{"line":330,"column":28},"end":{"line":330,"column":29}},"loc":{"start":{"line":330,"column":35},"end":{"line":330,"column":113}}},"7":{"name":"(anonymous_8)","decl":{"start":{"line":348,"column":2},"end":{"line":348,"column":7}},"loc":{"start":{"line":350,"column":20},"end":{"line":374,"column":3}}},"8":{"name":"(anonymous_9)","decl":{"start":{"line":391,"column":2},"end":{"line":391,"column":7}},"loc":{"start":{"line":395,"column":18},"end":{"line":466,"column":3}}},"9":{"name":"(anonymous_10)","decl":{"start":{"line":417,"column":56},"end":{"line":417,"column":61}},"loc":{"start":{"line":417,"column":69},"end":{"line":451,"column":5}}},"10":{"name":"(anonymous_11)","decl":{"start":{"line":480,"column":2},"end":{"line":480,"column":7}},"loc":{"start":{"line":480,"column":47},"end":{"line":503,"column":3}}},"11":{"name":"(anonymous_12)","decl":{"start":{"line":490,"column":30},"end":{"line":490,"column":35}},"loc":{"start":{"line":490,"column":43},"end":{"line":502,"column":5}}},"12":{"name":"(anonymous_13)","decl":{"start":{"line":516,"column":2},"end":{"line":516,"column":7}},"loc":{"start":{"line":518,"column":37},"end":{"line":533,"column":3}}},"13":{"name":"(anonymous_14)","decl":{"start":{"line":524,"column":28},"end":{"line":524,"column":29}},"loc":{"start":{"line":524,"column":34},"end":{"line":530,"column":7}}},"14":{"name":"(anonymous_15)","decl":{"start":{"line":546,"column":2},"end":{"line":546,"column":7}},"loc":{"start":{"line":546,"column":39},"end":{"line":575,"column":3}}},"15":{"name":"(anonymous_16)","decl":{"start":{"line":553,"column":37},"end":{"line":553,"column":38}},"loc":{"start":{"line":553,"column":44},"end":{"line":553,"column":48}}},"16":{"name":"(anonymous_17)","decl":{"start":{"line":555,"column":30},"end":{"line":555,"column":35}},"loc":{"start":{"line":555,"column":43},"end":{"line":572,"column":5}}},"17":{"name":"(anonymous_18)","decl":{"start":{"line":564,"column":22},"end":{"line":564,"column":23}},"loc":{"start":{"line":564,"column":31},"end":{"line":570,"column":10}}},"18":{"name":"(anonymous_19)","decl":{"start":{"line":585,"column":10},"end":{"line":585,"column":26}},"loc":{"start":{"line":590,"column":28},"end":{"line":634,"column":3}}},"19":{"name":"(anonymous_20)","decl":{"start":{"line":639,"column":10},"end":{"line":639,"column":27}},"loc":{"start":{"line":639,"column":61},"end":{"line":648,"column":3}}},"20":{"name":"validarMovimientoAnimalEnRetiro","decl":{"start":{"line":683,"column":16},"end":{"line":683,"column":47}},"loc":{"start":{"line":687,"column":29},"end":{"line":703,"column":1}}}},"branchMap":{"0":{"loc":{"start":{"line":147,"column":4},"end":{"line":152,"column":5}},"type":"if","locations":[{"start":{"line":147,"column":4},"end":{"line":152,"column":5}}]},"1":{"loc":{"start":{"line":156,"column":4},"end":{"line":160,"column":5}},"type":"if","locations":[{"start":{"line":156,"column":4},"end":{"line":160,"column":5}}]},"2":{"loc":{"start":{"line":164,"column":6},"end":{"line":164,"column":60}},"type":"binary-expr","locations":[{"start":{"line":164,"column":6},"end":{"line":164,"column":29}},{"start":{"line":164,"column":33},"end":{"line":164,"column":60}}]},"3":{"loc":{"start":{"line":188,"column":6},"end":{"line":209,"column":7}},"type":"if","locations":[{"start":{"line":188,"column":6},"end":{"line":209,"column":7}}]},"4":{"loc":{"start":{"line":201,"column":16},"end":{"line":201,"column":26}},"type":"binary-expr","locations":[{"start":{"line":201,"column":16},"end":{"line":201,"column":18}},{"start":{"line":201,"column":22},"end":{"line":201,"column":26}}]},"5":{"loc":{"start":{"line":218,"column":14},"end":{"line":218,"column":24}},"type":"binary-expr","locations":[{"start":{"line":218,"column":14},"end":{"line":218,"column":16}},{"start":{"line":218,"column":20},"end":{"line":218,"column":24}}]},"6":{"loc":{"start":{"line":227,"column":36},"end":{"line":227,"column":83}},"type":"cond-expr","locations":[{"start":{"line":227,"column":56},"end":{"line":227,"column":67}},{"start":{"line":227,"column":70},"end":{"line":227,"column":83}}]},"7":{"loc":{"start":{"line":248,"column":4},"end":{"line":248,"column":39}},"type":"if","locations":[{"start":{"line":248,"column":4},"end":{"line":248,"column":39}}]},"8":{"loc":{"start":{"line":255,"column":4},"end":{"line":257,"column":5}},"type":"if","locations":[{"start":{"line":255,"column":4},"end":{"line":257,"column":5}}]},"9":{"loc":{"start":{"line":261,"column":4},"end":{"line":263,"column":5}},"type":"if","locations":[{"start":{"line":261,"column":4},"end":{"line":263,"column":5}}]},"10":{"loc":{"start":{"line":264,"column":30},"end":{"line":264,"column":84}},"type":"binary-expr","locations":[{"start":{"line":264,"column":30},"end":{"line":264,"column":53}},{"start":{"line":264,"column":57},"end":{"line":264,"column":84}}]},"11":{"loc":{"start":{"line":277,"column":8},"end":{"line":282,"column":9}},"type":"if","locations":[{"start":{"line":277,"column":8},"end":{"line":282,"column":9}}]},"12":{"loc":{"start":{"line":277,"column":12},"end":{"line":277,"column":62}},"type":"binary-expr","locations":[{"start":{"line":277,"column":12},"end":{"line":277,"column":29}},{"start":{"line":277,"column":33},"end":{"line":277,"column":62}}]},"13":{"loc":{"start":{"line":290,"column":16},"end":{"line":290,"column":26}},"type":"binary-expr","locations":[{"start":{"line":290,"column":16},"end":{"line":290,"column":18}},{"start":{"line":290,"column":22},"end":{"line":290,"column":26}}]},"14":{"loc":{"start":{"line":322,"column":4},"end":{"line":324,"column":5}},"type":"if","locations":[{"start":{"line":322,"column":4},"end":{"line":324,"column":5}}]},"15":{"loc":{"start":{"line":355,"column":4},"end":{"line":360,"column":5}},"type":"if","locations":[{"start":{"line":355,"column":4},"end":{"line":360,"column":5}}]},"16":{"loc":{"start":{"line":355,"column":8},"end":{"line":355,"column":47}},"type":"binary-expr","locations":[{"start":{"line":355,"column":8},"end":{"line":355,"column":15}},{"start":{"line":355,"column":19},"end":{"line":355,"column":47}}]},"17":{"loc":{"start":{"line":363,"column":6},"end":{"line":365,"column":40}},"type":"binary-expr","locations":[{"start":{"line":363,"column":6},"end":{"line":363,"column":36}},{"start":{"line":364,"column":6},"end":{"line":364,"column":41}},{"start":{"line":365,"column":6},"end":{"line":365,"column":40}}]},"18":{"loc":{"start":{"line":371,"column":6},"end":{"line":371,"column":35}},"type":"binary-expr","locations":[{"start":{"line":371,"column":6},"end":{"line":371,"column":27}},{"start":{"line":371,"column":31},"end":{"line":371,"column":35}}]},"19":{"loc":{"start":{"line":399,"column":4},"end":{"line":404,"column":5}},"type":"if","locations":[{"start":{"line":399,"column":4},"end":{"line":404,"column":5}}]},"20":{"loc":{"start":{"line":399,"column":8},"end":{"line":399,"column":65}},"type":"binary-expr","locations":[{"start":{"line":399,"column":8},"end":{"line":399,"column":24}},{"start":{"line":399,"column":28},"end":{"line":399,"column":65}}]},"21":{"loc":{"start":{"line":409,"column":4},"end":{"line":415,"column":5}},"type":"if","locations":[{"start":{"line":409,"column":4},"end":{"line":415,"column":5}}]},"22":{"loc":{"start":{"line":410,"column":24},"end":{"line":410,"column":58}},"type":"binary-expr","locations":[{"start":{"line":410,"column":24},"end":{"line":410,"column":33}},{"start":{"line":410,"column":37},"end":{"line":410,"column":58}}]},"23":{"loc":{"start":{"line":412,"column":8},"end":{"line":414,"column":16}},"type":"cond-expr","locations":[{"start":{"line":413,"column":12},"end":{"line":413,"column":83}},{"start":{"line":414,"column":12},"end":{"line":414,"column":16}}]},"24":{"loc":{"start":{"line":428,"column":6},"end":{"line":438,"column":7}},"type":"if","locations":[{"start":{"line":428,"column":6},"end":{"line":438,"column":7}}]},"25":{"loc":{"start":{"line":428,"column":10},"end":{"line":428,"column":84}},"type":"binary-expr","locations":[{"start":{"line":428,"column":10},"end":{"line":428,"column":41}},{"start":{"line":428,"column":45},"end":{"line":428,"column":84}}]},"26":{"loc":{"start":{"line":430,"column":10},"end":{"line":432,"column":22}},"type":"cond-expr","locations":[{"start":{"line":431,"column":14},"end":{"line":431,"column":25}},{"start":{"line":432,"column":14},"end":{"line":432,"column":22}}]},"27":{"loc":{"start":{"line":430,"column":10},"end":{"line":430,"column":86}},"type":"binary-expr","locations":[{"start":{"line":430,"column":10},"end":{"line":430,"column":44}},{"start":{"line":430,"column":48},"end":{"line":430,"column":86}}]},"28":{"loc":{"start":{"line":455,"column":6},"end":{"line":457,"column":45}},"type":"binary-expr","locations":[{"start":{"line":455,"column":6},"end":{"line":455,"column":41}},{"start":{"line":456,"column":6},"end":{"line":456,"column":46}},{"start":{"line":457,"column":6},"end":{"line":457,"column":45}}]},"29":{"loc":{"start":{"line":463,"column":6},"end":{"line":463,"column":40}},"type":"binary-expr","locations":[{"start":{"line":463,"column":6},"end":{"line":463,"column":32}},{"start":{"line":463,"column":36},"end":{"line":463,"column":40}}]},"30":{"loc":{"start":{"line":483,"column":4},"end":{"line":488,"column":5}},"type":"if","locations":[{"start":{"line":483,"column":4},"end":{"line":488,"column":5}}]},"31":{"loc":{"start":{"line":526,"column":10},"end":{"line":528,"column":39}},"type":"binary-expr","locations":[{"start":{"line":526,"column":10},"end":{"line":526,"column":35}},{"start":{"line":527,"column":10},"end":{"line":527,"column":40}},{"start":{"line":528,"column":10},"end":{"line":528,"column":39}}]},"32":{"loc":{"start":{"line":529,"column":71},"end":{"line":529,"column":95}},"type":"binary-expr","locations":[{"start":{"line":529,"column":71},"end":{"line":529,"column":87}},{"start":{"line":529,"column":91},"end":{"line":529,"column":95}}]},"33":{"loc":{"start":{"line":549,"column":4},"end":{"line":551,"column":5}},"type":"if","locations":[{"start":{"line":549,"column":4},"end":{"line":551,"column":5}}]},"34":{"loc":{"start":{"line":594,"column":4},"end":{"line":607,"column":5}},"type":"if","locations":[{"start":{"line":594,"column":4},"end":{"line":607,"column":5}}]},"35":{"loc":{"start":{"line":594,"column":8},"end":{"line":594,"column":47}},"type":"binary-expr","locations":[{"start":{"line":594,"column":8},"end":{"line":594,"column":20}},{"start":{"line":594,"column":24},"end":{"line":594,"column":47}}]},"36":{"loc":{"start":{"line":631,"column":12},"end":{"line":631,"column":48}},"type":"cond-expr","locations":[{"start":{"line":631,"column":27},"end":{"line":631,"column":43}},{"start":{"line":631,"column":46},"end":{"line":631,"column":48}}]},"37":{"loc":{"start":{"line":689,"column":2},"end":{"line":702,"column":3}},"type":"if","locations":[{"start":{"line":689,"column":2},"end":{"line":702,"column":3}}]},"38":{"loc":{"start":{"line":690,"column":4},"end":{"line":691,"column":88}},"type":"binary-expr","locations":[{"start":{"line":690,"column":4},"end":{"line":690,"column":32}},{"start":{"line":691,"column":5},"end":{"line":691,"column":88}}]},"39":{"loc":{"start":{"line":696,"column":8},"end":{"line":698,"column":null}},"type":"cond-expr","locations":[{"start":{"line":697,"column":12},"end":{"line":697,"column":69}},{"start":{"line":698,"column":12},"end":{"line":698,"column":null}}]}},"s":{"0":1,"1":1,"2":1,"3":10,"4":5,"5":5,"6":2,"7":3,"8":3,"9":2,"10":3,"11":3,"12":3,"13":3,"14":1,"15":1,"16":3,"17":3,"18":3,"19":3,"20":0,"21":0,"22":0,"23":0,"24":0,"25":0,"26":0,"27":0,"28":0,"29":0,"30":0,"31":0,"32":0,"33":0,"34":0,"35":0,"36":0,"37":0,"38":0,"39":0,"40":0,"41":0,"42":4,"43":4,"44":3,"45":1,"46":1,"47":0,"48":0,"49":0,"50":0,"51":0,"52":0,"53":0,"54":0,"55":0,"56":0,"57":0,"58":0,"59":0,"60":0,"61":0,"62":0,"63":0,"64":0,"65":0,"66":0,"67":0,"68":0,"69":0,"70":0,"71":0,"72":0,"73":0,"74":0,"75":2,"76":2,"77":1,"78":1,"79":2,"80":1,"81":1,"82":1,"83":2,"84":1,"85":4,"86":2,"87":2,"88":2,"89":4,"90":0,"91":1,"92":1,"93":1,"94":1,"95":0,"96":0},"f":{"0":10,"1":5,"2":3,"3":0,"4":0,"5":0,"6":0,"7":4,"8":0,"9":0,"10":0,"11":0,"12":0,"13":0,"14":2,"15":2,"16":1,"17":2,"18":4,"19":0,"20":0},"b":{"0":[2],"1":[2],"2":[3,2],"3":[1],"4":[1,1],"5":[3,3],"6":[1,2],"7":[0],"8":[0],"9":[0],"10":[0,0],"11":[0],"12":[0,0],"13":[0,0],"14":[0],"15":[3],"16":[4,3],"17":[1,1,1],"18":[1,0],"19":[0],"20":[0,0],"21":[0],"22":[0,0],"23":[0,0],"24":[0],"25":[0,0],"26":[0,0],"27":[0,0],"28":[0,0,0],"29":[0,0],"30":[0],"31":[0,0,0],"32":[0,0],"33":[1],"34":[2],"35":[4,2],"36":[2,2],"37":[0],"38":[0,0],"39":[0,0]}}
,"C:\\Users\\User\\Documents\\Pao 5\\Tecnologia web\\Nueva carpeta\\Trazabilidad_Bovina\\backend\\src\\services\\pesaje.service.ts": {"path":"C:\\Users\\User\\Documents\\Pao 5\\Tecnologia web\\Nueva carpeta\\Trazabilidad_Bovina\\backend\\src\\services\\pesaje.service.ts","statementMap":{"0":{"start":{"line":6,"column":0},"end":{"line":6,"column":40}},"1":{"start":{"line":7,"column":0},"end":{"line":7,"column":69}},"2":{"start":{"line":9,"column":0},"end":{"line":9,"column":69}},"3":{"start":{"line":10,"column":0},"end":{"line":10,"column":67}},"4":{"start":{"line":15,"column":31},"end":{"line":15,"column":53}},"5":{"start":{"line":21,"column":19},"end":{"line":21,"column":64}},"6":{"start":{"line":22,"column":4},"end":{"line":24,"column":5}},"7":{"start":{"line":23,"column":6},"end":{"line":23,"column":74}},"8":{"start":{"line":27,"column":27},"end":{"line":27,"column":80}},"9":{"start":{"line":29,"column":34},"end":{"line":29,"column":38}},"10":{"start":{"line":30,"column":40},"end":{"line":30,"column":44}},"11":{"start":{"line":32,"column":4},"end":{"line":40,"column":5}},"12":{"start":{"line":33,"column":6},"end":{"line":33,"column":48}},"13":{"start":{"line":34,"column":21},"end":{"line":34,"column":73}},"14":{"start":{"line":35,"column":19},"end":{"line":35,"column":49}},"15":{"start":{"line":37,"column":6},"end":{"line":39,"column":7}},"16":{"start":{"line":38,"column":8},"end":{"line":38,"column":41}},"17":{"start":{"line":42,"column":4},"end":{"line":66,"column":7}},"18":{"start":{"line":43,"column":21},"end":{"line":48,"column":8}},"19":{"start":{"line":50,"column":6},"end":{"line":63,"column":9}},"20":{"start":{"line":65,"column":6},"end":{"line":65,"column":20}},"21":{"start":{"line":73,"column":19},"end":{"line":73,"column":60}},"22":{"start":{"line":74,"column":4},"end":{"line":76,"column":5}},"23":{"start":{"line":75,"column":6},"end":{"line":75,"column":74}},"24":{"start":{"line":78,"column":4},"end":{"line":80,"column":5}},"25":{"start":{"line":79,"column":6},"end":{"line":79,"column":116}},"26":{"start":{"line":82,"column":20},"end":{"line":82,"column":28}},"27":{"start":{"line":85,"column":4},"end":{"line":91,"column":5}},"28":{"start":{"line":86,"column":17},"end":{"line":86,"column":39}},"29":{"start":{"line":87,"column":17},"end":{"line":87,"column":38}},"30":{"start":{"line":88,"column":6},"end":{"line":88,"column":42}},"31":{"start":{"line":90,"column":6},"end":{"line":90,"column":52}},"32":{"start":{"line":95,"column":4},"end":{"line":140,"column":7}},"33":{"start":{"line":97,"column":21},"end":{"line":106,"column":8}},"34":{"start":{"line":109,"column":28},"end":{"line":109,"column":46}},"35":{"start":{"line":110,"column":25},"end":{"line":110,"column":33}},"36":{"start":{"line":112,"column":6},"end":{"line":115,"column":9}},"37":{"start":{"line":117,"column":6},"end":{"line":125,"column":9}},"38":{"start":{"line":128,"column":6},"end":{"line":137,"column":9}},"39":{"start":{"line":139,"column":6},"end":{"line":139,"column":20}},"40":{"start":{"line":144,"column":4},"end":{"line":144,"column":36}},"41":{"start":{"line":148,"column":19},"end":{"line":148,"column":47}},"42":{"start":{"line":149,"column":4},"end":{"line":151,"column":5}},"43":{"start":{"line":150,"column":6},"end":{"line":150,"column":75}},"44":{"start":{"line":153,"column":4},"end":{"line":166,"column":7}},"45":{"start":{"line":154,"column":6},"end":{"line":154,"column":48}},"46":{"start":{"line":156,"column":6},"end":{"line":165,"column":9}},"47":{"start":{"line":14,"column":0},"end":{"line":14,"column":13}},"48":{"start":{"line":170,"column":13},"end":{"line":170,"column":65}}},"fnMap":{"0":{"name":"(anonymous_1)","decl":{"start":{"line":15,"column":2},"end":{"line":15,"column":31}},"loc":{"start":{"line":15,"column":53},"end":{"line":15,"column":57}}},"1":{"name":"(anonymous_2)","decl":{"start":{"line":20,"column":2},"end":{"line":20,"column":7}},"loc":{"start":{"line":20,"column":64},"end":{"line":67,"column":3}}},"2":{"name":"(anonymous_3)","decl":{"start":{"line":42,"column":31},"end":{"line":42,"column":36}},"loc":{"start":{"line":42,"column":44},"end":{"line":66,"column":5}}},"3":{"name":"(anonymous_4)","decl":{"start":{"line":72,"column":2},"end":{"line":72,"column":7}},"loc":{"start":{"line":72,"column":87},"end":{"line":141,"column":3}}},"4":{"name":"(anonymous_5)","decl":{"start":{"line":95,"column":31},"end":{"line":95,"column":36}},"loc":{"start":{"line":95,"column":44},"end":{"line":140,"column":5}}},"5":{"name":"(anonymous_6)","decl":{"start":{"line":143,"column":2},"end":{"line":143,"column":7}},"loc":{"start":{"line":143,"column":26},"end":{"line":145,"column":3}}},"6":{"name":"(anonymous_7)","decl":{"start":{"line":147,"column":2},"end":{"line":147,"column":7}},"loc":{"start":{"line":147,"column":54},"end":{"line":167,"column":3}}},"7":{"name":"(anonymous_8)","decl":{"start":{"line":153,"column":30},"end":{"line":153,"column":35}},"loc":{"start":{"line":153,"column":43},"end":{"line":166,"column":5}}}},"branchMap":{"0":{"loc":{"start":{"line":22,"column":4},"end":{"line":24,"column":5}},"type":"if","locations":[{"start":{"line":22,"column":4},"end":{"line":24,"column":5}}]},"1":{"loc":{"start":{"line":32,"column":4},"end":{"line":40,"column":5}},"type":"if","locations":[{"start":{"line":32,"column":4},"end":{"line":40,"column":5}}]},"2":{"loc":{"start":{"line":37,"column":6},"end":{"line":39,"column":7}},"type":"if","locations":[{"start":{"line":37,"column":6},"end":{"line":39,"column":7}}]},"3":{"loc":{"start":{"line":56,"column":14},"end":{"line":56,"column":24}},"type":"binary-expr","locations":[{"start":{"line":56,"column":14},"end":{"line":56,"column":16}},{"start":{"line":56,"column":20},"end":{"line":56,"column":24}}]},"4":{"loc":{"start":{"line":74,"column":4},"end":{"line":76,"column":5}},"type":"if","locations":[{"start":{"line":74,"column":4},"end":{"line":76,"column":5}}]},"5":{"loc":{"start":{"line":78,"column":4},"end":{"line":80,"column":5}},"type":"if","locations":[{"start":{"line":78,"column":4},"end":{"line":80,"column":5}}]},"6":{"loc":{"start":{"line":85,"column":4},"end":{"line":91,"column":5}},"type":"if","locations":[{"start":{"line":85,"column":4},"end":{"line":91,"column":5}}]},"7":{"loc":{"start":{"line":104,"column":25},"end":{"line":104,"column":90}},"type":"binary-expr","locations":[{"start":{"line":104,"column":25},"end":{"line":104,"column":42}},{"start":{"line":104,"column":46},"end":{"line":104,"column":90}}]},"8":{"loc":{"start":{"line":134,"column":14},"end":{"line":134,"column":24}},"type":"binary-expr","locations":[{"start":{"line":134,"column":14},"end":{"line":134,"column":16}},{"start":{"line":134,"column":20},"end":{"line":134,"column":24}}]},"9":{"loc":{"start":{"line":149,"column":4},"end":{"line":151,"column":5}},"type":"if","locations":[{"start":{"line":149,"column":4},"end":{"line":151,"column":5}}]},"10":{"loc":{"start":{"line":162,"column":14},"end":{"line":162,"column":24}},"type":"binary-expr","locations":[{"start":{"line":162,"column":14},"end":{"line":162,"column":16}},{"start":{"line":162,"column":20},"end":{"line":162,"column":24}}]}},"s":{"0":1,"1":1,"2":1,"3":1,"4":6,"5":2,"6":2,"7":0,"8":2,"9":2,"10":2,"11":2,"12":1,"13":1,"14":1,"15":1,"16":1,"17":2,"18":2,"19":2,"20":2,"21":1,"22":1,"23":0,"24":1,"25":0,"26":1,"27":1,"28":1,"29":1,"30":1,"31":1,"32":1,"33":1,"34":1,"35":1,"36":1,"37":1,"38":1,"39":1,"40":1,"41":1,"42":1,"43":0,"44":1,"45":1,"46":1,"47":1,"48":1},"f":{"0":6,"1":2,"2":2,"3":1,"4":1,"5":1,"6":1,"7":1},"b":{"0":[0],"1":[1],"2":[1],"3":[2,0],"4":[0],"5":[0],"6":[1],"7":[1,1],"8":[1,0],"9":[0],"10":[1,0]}}
,"C:\\Users\\User\\Documents\\Pao 5\\Tecnologia web\\Nueva carpeta\\Trazabilidad_Bovina\\backend\\src\\services\\reproduccion.service.ts": {"path":"C:\\Users\\User\\Documents\\Pao 5\\Tecnologia web\\Nueva carpeta\\Trazabilidad_Bovina\\backend\\src\\services\\reproduccion.service.ts","statementMap":{"0":{"start":{"line":6,"column":0},"end":{"line":6,"column":40}},"1":{"start":{"line":7,"column":0},"end":{"line":7,"column":81}},"2":{"start":{"line":9,"column":0},"end":{"line":9,"column":69}},"3":{"start":{"line":10,"column":0},"end":{"line":10,"column":82}},"4":{"start":{"line":15,"column":31},"end":{"line":15,"column":59}},"5":{"start":{"line":21,"column":19},"end":{"line":21,"column":60}},"6":{"start":{"line":22,"column":4},"end":{"line":22,"column":85}},"7":{"start":{"line":22,"column":17},"end":{"line":22,"column":85}},"8":{"start":{"line":24,"column":4},"end":{"line":26,"column":5}},"9":{"start":{"line":25,"column":6},"end":{"line":25,"column":115}},"10":{"start":{"line":28,"column":4},"end":{"line":56,"column":7}},"11":{"start":{"line":29,"column":21},"end":{"line":34,"column":8}},"12":{"start":{"line":37,"column":6},"end":{"line":42,"column":7}},"13":{"start":{"line":38,"column":8},"end":{"line":41,"column":11}},"14":{"start":{"line":44,"column":6},"end":{"line":53,"column":9}},"15":{"start":{"line":55,"column":6},"end":{"line":55,"column":20}},"16":{"start":{"line":63,"column":18},"end":{"line":63,"column":58}},"17":{"start":{"line":64,"column":4},"end":{"line":64,"column":92}},"18":{"start":{"line":64,"column":16},"end":{"line":64,"column":92}},"19":{"start":{"line":67,"column":4},"end":{"line":69,"column":5}},"20":{"start":{"line":68,"column":6},"end":{"line":68,"column":109}},"21":{"start":{"line":72,"column":26},"end":{"line":72,"column":93}},"22":{"start":{"line":73,"column":4},"end":{"line":75,"column":5}},"23":{"start":{"line":74,"column":6},"end":{"line":74,"column":100}},"24":{"start":{"line":77,"column":4},"end":{"line":141,"column":7}},"25":{"start":{"line":79,"column":21},"end":{"line":79,"column":82}},"26":{"start":{"line":80,"column":6},"end":{"line":80,"column":87}},"27":{"start":{"line":80,"column":19},"end":{"line":80,"column":87}},"28":{"start":{"line":82,"column":26},"end":{"line":82,"column":61}},"29":{"start":{"line":83,"column":22},"end":{"line":85,"column":8}},"30":{"start":{"line":86,"column":6},"end":{"line":95,"column":7}},"31":{"start":{"line":87,"column":8},"end":{"line":89,"column":11}},"32":{"start":{"line":91,"column":8},"end":{"line":94,"column":11}},"33":{"start":{"line":96,"column":19},"end":{"line":96,"column":105}},"34":{"start":{"line":99,"column":22},"end":{"line":107,"column":8}},"35":{"start":{"line":110,"column":21},"end":{"line":118,"column":8}},"36":{"start":{"line":121,"column":6},"end":{"line":126,"column":7}},"37":{"start":{"line":122,"column":8},"end":{"line":125,"column":11}},"38":{"start":{"line":129,"column":6},"end":{"line":138,"column":9}},"39":{"start":{"line":140,"column":6},"end":{"line":140,"column":20}},"40":{"start":{"line":145,"column":4},"end":{"line":145,"column":51}},"41":{"start":{"line":14,"column":0},"end":{"line":14,"column":13}},"42":{"start":{"line":149,"column":13},"end":{"line":149,"column":83}}},"fnMap":{"0":{"name":"(anonymous_1)","decl":{"start":{"line":15,"column":2},"end":{"line":15,"column":31}},"loc":{"start":{"line":15,"column":59},"end":{"line":15,"column":63}}},"1":{"name":"(anonymous_2)","decl":{"start":{"line":20,"column":2},"end":{"line":20,"column":7}},"loc":{"start":{"line":20,"column":100},"end":{"line":57,"column":3}}},"2":{"name":"(anonymous_3)","decl":{"start":{"line":28,"column":31},"end":{"line":28,"column":36}},"loc":{"start":{"line":28,"column":44},"end":{"line":56,"column":5}}},"3":{"name":"(anonymous_4)","decl":{"start":{"line":62,"column":2},"end":{"line":62,"column":7}},"loc":{"start":{"line":62,"column":88},"end":{"line":142,"column":3}}},"4":{"name":"(anonymous_5)","decl":{"start":{"line":77,"column":31},"end":{"line":77,"column":36}},"loc":{"start":{"line":77,"column":44},"end":{"line":141,"column":5}}},"5":{"name":"(anonymous_6)","decl":{"start":{"line":144,"column":2},"end":{"line":144,"column":7}},"loc":{"start":{"line":144,"column":43},"end":{"line":146,"column":3}}}},"branchMap":{"0":{"loc":{"start":{"line":22,"column":4},"end":{"line":22,"column":85}},"type":"if","locations":[{"start":{"line":22,"column":4},"end":{"line":22,"column":85}}]},"1":{"loc":{"start":{"line":24,"column":4},"end":{"line":26,"column":5}},"type":"if","locations":[{"start":{"line":24,"column":4},"end":{"line":26,"column":5}}]},"2":{"loc":{"start":{"line":37,"column":6},"end":{"line":42,"column":7}},"type":"if","locations":[{"start":{"line":37,"column":6},"end":{"line":42,"column":7}}]},"3":{"loc":{"start":{"line":37,"column":10},"end":{"line":37,"column":61}},"type":"binary-expr","locations":[{"start":{"line":37,"column":10},"end":{"line":37,"column":37}},{"start":{"line":37,"column":41},"end":{"line":37,"column":61}}]},"4":{"loc":{"start":{"line":50,"column":14},"end":{"line":50,"column":24}},"type":"binary-expr","locations":[{"start":{"line":50,"column":14},"end":{"line":50,"column":16}},{"start":{"line":50,"column":20},"end":{"line":50,"column":24}}]},"5":{"loc":{"start":{"line":64,"column":4},"end":{"line":64,"column":92}},"type":"if","locations":[{"start":{"line":64,"column":4},"end":{"line":64,"column":92}}]},"6":{"loc":{"start":{"line":67,"column":4},"end":{"line":69,"column":5}},"type":"if","locations":[{"start":{"line":67,"column":4},"end":{"line":69,"column":5}}]},"7":{"loc":{"start":{"line":73,"column":4},"end":{"line":75,"column":5}},"type":"if","locations":[{"start":{"line":73,"column":4},"end":{"line":75,"column":5}}]},"8":{"loc":{"start":{"line":80,"column":6},"end":{"line":80,"column":87}},"type":"if","locations":[{"start":{"line":80,"column":6},"end":{"line":80,"column":87}}]},"9":{"loc":{"start":{"line":86,"column":6},"end":{"line":95,"column":7}},"type":"if","locations":[{"start":{"line":86,"column":6},"end":{"line":95,"column":7}},{"start":{"line":90,"column":13},"end":{"line":95,"column":7}}]},"10":{"loc":{"start":{"line":121,"column":6},"end":{"line":126,"column":7}},"type":"if","locations":[{"start":{"line":121,"column":6},"end":{"line":126,"column":7}}]},"11":{"loc":{"start":{"line":135,"column":14},"end":{"line":135,"column":24}},"type":"binary-expr","locations":[{"start":{"line":135,"column":14},"end":{"line":135,"column":16}},{"start":{"line":135,"column":20},"end":{"line":135,"column":24}}]}},"s":{"0":1,"1":1,"2":1,"3":1,"4":4,"5":0,"6":0,"7":0,"8":0,"9":0,"10":0,"11":0,"12":0,"13":0,"14":0,"15":0,"16":4,"17":4,"18":0,"19":4,"20":2,"21":2,"22":2,"23":1,"24":1,"25":1,"26":1,"27":0,"28":1,"29":1,"30":1,"31":1,"32":0,"33":1,"34":1,"35":1,"36":1,"37":1,"38":1,"39":1,"40":0,"41":1,"42":1},"f":{"0":4,"1":0,"2":0,"3":4,"4":1,"5":0},"b":{"0":[0],"1":[0],"2":[0],"3":[0,0],"4":[0,0],"5":[0],"6":[2],"7":[1],"8":[0],"9":[1,0],"10":[1],"11":[1,0]}}
,"C:\\Users\\User\\Documents\\Pao 5\\Tecnologia web\\Nueva carpeta\\Trazabilidad_Bovina\\backend\\src\\types\\errors.ts": {"path":"C:\\Users\\User\\Documents\\Pao 5\\Tecnologia web\\Nueva carpeta\\Trazabilidad_Bovina\\backend\\src\\types\\errors.ts","statementMap":{"0":{"start":{"line":15,"column":4},"end":{"line":15,"column":19}},"1":{"start":{"line":16,"column":4},"end":{"line":16,"column":38}},"2":{"start":{"line":17,"column":4},"end":{"line":17,"column":33}},"3":{"start":{"line":18,"column":4},"end":{"line":18,"column":21}},"4":{"start":{"line":19,"column":4},"end":{"line":19,"column":27}},"5":{"start":{"line":20,"column":4},"end":{"line":20,"column":52}},"6":{"start":{"line":9,"column":0},"end":{"line":9,"column":13}},"7":{"start":{"line":27,"column":4},"end":{"line":27,"column":30}},"8":{"start":{"line":25,"column":0},"end":{"line":25,"column":13}},"9":{"start":{"line":34,"column":4},"end":{"line":34,"column":76}},"10":{"start":{"line":32,"column":0},"end":{"line":32,"column":13}},"11":{"start":{"line":41,"column":4},"end":{"line":41,"column":40}},"12":{"start":{"line":39,"column":0},"end":{"line":39,"column":13}},"13":{"start":{"line":48,"column":4},"end":{"line":48,"column":50}},"14":{"start":{"line":46,"column":0},"end":{"line":46,"column":13}},"15":{"start":{"line":55,"column":4},"end":{"line":55,"column":30}},"16":{"start":{"line":53,"column":0},"end":{"line":53,"column":13}},"17":{"start":{"line":62,"column":4},"end":{"line":62,"column":39}},"18":{"start":{"line":60,"column":0},"end":{"line":60,"column":13}}},"fnMap":{"0":{"name":"(anonymous_0)","decl":{"start":{"line":14,"column":2},"end":{"line":14,"column":14}},"loc":{"start":{"line":14,"column":82},"end":{"line":21,"column":3}}},"1":{"name":"(anonymous_1)","decl":{"start":{"line":26,"column":2},"end":{"line":26,"column":14}},"loc":{"start":{"line":26,"column":43},"end":{"line":28,"column":3}}},"2":{"name":"(anonymous_2)","decl":{"start":{"line":33,"column":2},"end":{"line":33,"column":14}},"loc":{"start":{"line":33,"column":44},"end":{"line":35,"column":3}}},"3":{"name":"(anonymous_3)","decl":{"start":{"line":40,"column":2},"end":{"line":40,"column":14}},"loc":{"start":{"line":40,"column":68},"end":{"line":42,"column":3}}},"4":{"name":"(anonymous_4)","decl":{"start":{"line":47,"column":2},"end":{"line":47,"column":14}},"loc":{"start":{"line":47,"column":69},"end":{"line":49,"column":3}}},"5":{"name":"(anonymous_5)","decl":{"start":{"line":54,"column":2},"end":{"line":54,"column":14}},"loc":{"start":{"line":54,"column":43},"end":{"line":56,"column":3}}},"6":{"name":"(anonymous_6)","decl":{"start":{"line":61,"column":2},"end":{"line":61,"column":14}},"loc":{"start":{"line":61,"column":62},"end":{"line":63,"column":3}}}},"branchMap":{"0":{"loc":{"start":{"line":40,"column":14},"end":{"line":40,"column":68}},"type":"default-arg","locations":[{"start":{"line":40,"column":24},"end":{"line":40,"column":68}}]},"1":{"loc":{"start":{"line":47,"column":14},"end":{"line":47,"column":69}},"type":"default-arg","locations":[{"start":{"line":47,"column":24},"end":{"line":47,"column":69}}]}},"s":{"0":12,"1":12,"2":12,"3":12,"4":12,"5":12,"6":5,"7":6,"8":5,"9":0,"10":5,"11":0,"12":5,"13":0,"14":5,"15":2,"16":5,"17":4,"18":5},"f":{"0":12,"1":6,"2":0,"3":0,"4":0,"5":2,"6":4},"b":{"0":[0],"1":[0]}}
,"C:\\Users\\User\\Documents\\Pao 5\\Tecnologia web\\Nueva carpeta\\Trazabilidad_Bovina\\backend\\src\\validators\\health.validator.ts": {"path":"C:\\Users\\User\\Documents\\Pao 5\\Tecnologia web\\Nueva carpeta\\Trazabilidad_Bovina\\backend\\src\\validators\\health.validator.ts","statementMap":{"0":{"start":{"line":12,"column":0},"end":{"line":12,"column":24}},"1":{"start":{"line":19,"column":13},"end":{"line":25,"column":11}},"2":{"start":{"line":31,"column":13},"end":{"line":35,"column":2}},"3":{"start":{"line":48,"column":13},"end":{"line":127,"column":5}},"4":{"start":{"line":120,"column":4},"end":{"line":126,"column":5}},"5":{"start":{"line":121,"column":6},"end":{"line":125,"column":9}},"6":{"start":{"line":141,"column":13},"end":{"line":143,"column":13}},"7":{"start":{"line":153,"column":13},"end":{"line":179,"column":3}},"8":{"start":{"line":164,"column":24},"end":{"line":164,"column":38}},"9":{"start":{"line":198,"column":13},"end":{"line":201,"column":3}}},"fnMap":{"0":{"name":"(anonymous_0)","decl":{"start":{"line":119,"column":15},"end":{"line":119,"column":16}},"loc":{"start":{"line":119,"column":29},"end":{"line":127,"column":3}}},"1":{"name":"(anonymous_1)","decl":{"start":{"line":164,"column":15},"end":{"line":164,"column":16}},"loc":{"start":{"line":164,"column":24},"end":{"line":164,"column":38}}}},"branchMap":{"0":{"loc":{"start":{"line":120,"column":4},"end":{"line":126,"column":5}},"type":"if","locations":[{"start":{"line":120,"column":4},"end":{"line":126,"column":5}}]},"1":{"loc":{"start":{"line":120,"column":8},"end":{"line":120,"column":70}},"type":"binary-expr","locations":[{"start":{"line":120,"column":8},"end":{"line":120,"column":52}},{"start":{"line":120,"column":56},"end":{"line":120,"column":70}}]}},"s":{"0":1,"1":1,"2":1,"3":1,"4":12,"5":3,"6":1,"7":1,"8":1,"9":1},"f":{"0":12,"1":1},"b":{"0":[3],"1":[12,7]}}
}
