TN:
SF:src\repositories\animal.repository.ts
FN:30,(anonymous_1)
FN:34,(anonymous_2)
FN:43,(anonymous_3)
FN:52,(anonymous_4)
FN:96,(anonymous_5)
FN:103,(anonymous_6)
FNF:6
FNH:0
FNDA:0,(anonymous_1)
FNDA:0,(anonymous_2)
FNDA:0,(anonymous_3)
FNDA:0,(anonymous_4)
FNDA:0,(anonymous_5)
FNDA:0,(anonymous_6)
DA:6,1
DA:29,1
DA:31,0
DA:35,0
DA:44,0
DA:53,0
DA:55,0
DA:56,0
DA:57,0
DA:58,0
DA:59,0
DA:60,0
DA:66,0
DA:69,0
DA:70,0
DA:72,0
DA:85,0
DA:97,0
DA:104,0
DA:111,1
LF:20
LH:3
BRDA:55,0,0,0
BRDA:56,1,0,0
BRDA:57,2,0,0
BRDA:58,3,0,0
BRDA:59,4,0,0
BRF:5
BRH:0
end_of_record
TN:
SF:src\repositories\health.repository.ts
FN:21,toNull
FN:98,(anonymous_2)
FN:121,(anonymous_3)
FN:129,(anonymous_4)
FN:171,(anonymous_5)
FN:213,(anonymous_6)
FN:238,(anonymous_7)
FN:242,(anonymous_8)
FNF:8
FNH:0
FNDA:0,toNull
FNDA:0,(anonymous_2)
FNDA:0,(anonymous_3)
FNDA:0,(anonymous_4)
FNDA:0,(anonymous_5)
FNDA:0,(anonymous_6)
FNDA:0,(anonymous_7)
FNDA:0,(anonymous_8)
DA:9,1
DA:22,0
DA:82,1
DA:93,1
DA:99,0
DA:118,0
DA:122,0
DA:126,0
DA:133,0
DA:134,0
DA:136,0
DA:150,0
DA:161,0
DA:168,0
DA:175,0
DA:176,0
DA:178,0
DA:192,0
DA:203,0
DA:210,0
DA:215,0
DA:217,0
DA:218,0
DA:219,0
DA:220,0
DA:221,0
DA:222,0
DA:223,0
DA:224,0
DA:225,0
DA:226,0
DA:227,0
DA:228,0
DA:230,0
DA:235,0
DA:239,0
DA:243,0
DA:244,0
DA:262,1
LF:39
LH:4
BRDA:22,0,0,0
BRDA:22,0,1,0
BRDA:104,1,0,0
BRDA:104,1,1,0
BRDA:138,2,0,0
BRDA:138,2,1,0
BRDA:139,3,0,0
BRDA:139,3,1,0
BRDA:139,4,0,0
BRDA:139,4,1,0
BRDA:142,5,0,0
BRDA:142,5,1,0
BRDA:143,6,0,0
BRDA:143,6,1,0
BRDA:147,7,0,0
BRDA:147,7,1,0
BRDA:180,8,0,0
BRDA:180,8,1,0
BRDA:181,9,0,0
BRDA:181,9,1,0
BRDA:181,10,0,0
BRDA:181,10,1,0
BRDA:184,11,0,0
BRDA:184,11,1,0
BRDA:185,12,0,0
BRDA:185,12,1,0
BRDA:189,13,0,0
BRDA:189,13,1,0
BRDA:217,14,0,0
BRDA:218,15,0,0
BRDA:219,16,0,0
BRDA:220,17,0,0
BRDA:221,18,0,0
BRDA:222,19,0,0
BRDA:223,20,0,0
BRDA:224,21,0,0
BRDA:225,22,0,0
BRDA:226,23,0,0
BRDA:227,24,0,0
BRDA:228,25,0,0
BRF:40
BRH:0
end_of_record
TN:
SF:src\repositories\pesaje.repository.ts
FN:21,(anonymous_1)
FN:25,(anonymous_2)
FN:29,(anonymous_3)
FN:39,(anonymous_4)
FN:66,(anonymous_5)
FN:70,(anonymous_6)
FNF:6
FNH:0
FNDA:0,(anonymous_1)
FNDA:0,(anonymous_2)
FNDA:0,(anonymous_3)
FNDA:0,(anonymous_4)
FNDA:0,(anonymous_5)
FNDA:0,(anonymous_6)
DA:6,1
DA:20,1
DA:22,0
DA:26,0
DA:30,0
DA:40,0
DA:41,0
DA:43,0
DA:45,0
DA:55,0
DA:67,0
DA:71,0
DA:75,1
LF:13
LH:3
BRDA:41,0,0,0
BRF:1
BRH:0
end_of_record
TN:
SF:src\repositories\reproduccion.repository.ts
FN:10,(anonymous_1)
FN:14,(anonymous_2)
FN:21,(anonymous_3)
FN:25,(anonymous_4)
FNF:4
FNH:0
FNDA:0,(anonymous_1)
FNDA:0,(anonymous_2)
FNDA:0,(anonymous_3)
FNDA:0,(anonymous_4)
DA:6,1
DA:9,1
DA:11,0
DA:15,0
DA:22,0
DA:26,0
DA:30,1
LF:7
LH:3
BRF:0
BRH:0
end_of_record
TN:
SF:src\services\animal.service.ts
FN:14,(anonymous_1)
FN:19,(anonymous_2)
FN:28,(anonymous_3)
FN:132,(anonymous_4)
FN:143,(anonymous_5)
FN:154,(anonymous_6)
FN:163,(anonymous_7)
FN:177,(anonymous_8)
FN:201,(anonymous_9)
FN:207,(anonymous_10)
FN:228,(anonymous_11)
FN:328,(anonymous_12)
FN:334,(anonymous_13)
FN:335,(anonymous_14)
FN:371,(anonymous_15)
FN:372,(anonymous_16)
FN:373,(anonymous_17)
FN:378,(anonymous_18)
FN:379,(anonymous_19)
FN:387,(anonymous_20)
FN:410,(anonymous_21)
FNF:21
FNH:17
FNDA:9,(anonymous_1)
FNDA:1,(anonymous_2)
FNDA:0,(anonymous_3)
FNDA:0,(anonymous_4)
FNDA:0,(anonymous_5)
FNDA:1,(anonymous_6)
FNDA:3,(anonymous_7)
FNDA:1,(anonymous_8)
FNDA:1,(anonymous_9)
FNDA:1,(anonymous_10)
FNDA:3,(anonymous_11)
FNDA:3,(anonymous_12)
FNDA:1,(anonymous_13)
FNDA:0,(anonymous_14)
FNDA:2,(anonymous_15)
FNDA:2,(anonymous_16)
FNDA:2,(anonymous_17)
FNDA:1,(anonymous_18)
FNDA:1,(anonymous_19)
FNDA:1,(anonymous_20)
FNDA:1,(anonymous_21)
DA:6,2
DA:7,2
DA:9,2
DA:13,2
DA:14,9
DA:20,1
DA:21,1
DA:22,1
DA:28,0
DA:30,0
DA:31,0
DA:34,0
DA:36,0
DA:40,0
DA:41,0
DA:45,0
DA:51,0
DA:53,0
DA:54,0
DA:73,0
DA:74,0
DA:87,0
DA:88,0
DA:101,0
DA:102,0
DA:114,0
DA:125,0
DA:133,0
DA:134,0
DA:135,0
DA:137,0
DA:144,0
DA:145,0
DA:146,0
DA:148,0
DA:155,1
DA:164,3
DA:165,3
DA:166,0
DA:170,3
DA:171,2
DA:177,1
DA:178,1
DA:183,1
DA:194,1
DA:202,1
DA:203,1
DA:204,0
DA:207,1
DA:208,1
DA:213,1
DA:230,3
DA:231,3
DA:233,0
DA:236,3
DA:237,1
DA:241,2
DA:259,2
DA:262,2
DA:265,2
DA:266,2
DA:277,2
DA:278,2
DA:289,2
DA:290,1
DA:291,1
DA:292,1
DA:293,1
DA:304,2
DA:305,0
DA:316,2
DA:317,0
DA:328,3
DA:331,2
DA:332,2
DA:333,1
DA:334,1
DA:335,0
DA:337,1
DA:338,1
DA:339,1
DA:352,2
DA:371,2
DA:372,2
DA:373,2
DA:378,1
DA:379,1
DA:388,1
DA:389,1
DA:391,1
DA:396,1
DA:411,1
DA:412,1
DA:414,1
DA:419,1
DA:431,2
LF:96
LH:63
BRDA:21,0,0,1
BRDA:31,1,0,0
BRDA:40,2,0,0
BRDA:40,2,1,0
BRDA:53,3,0,0
BRDA:53,3,1,0
BRDA:73,4,0,0
BRDA:78,5,0,0
BRDA:78,5,1,0
BRDA:87,6,0,0
BRDA:92,7,0,0
BRDA:92,7,1,0
BRDA:101,8,0,0
BRDA:101,9,0,0
BRDA:101,9,1,0
BRDA:120,10,0,0
BRDA:120,10,1,0
BRDA:134,11,0,0
BRDA:145,12,0,0
BRDA:165,13,0,0
BRDA:170,14,0,2
BRDA:189,15,0,1
BRDA:189,15,1,0
BRDA:203,16,0,0
BRDA:219,17,0,1
BRDA:219,17,1,0
BRDA:230,18,0,3
BRDA:230,18,1,0
BRDA:236,19,0,1
BRDA:259,20,0,0
BRDA:265,21,0,2
BRDA:271,22,0,0
BRDA:271,22,1,2
BRDA:282,23,0,2
BRDA:282,23,1,1
BRDA:292,24,0,0
BRDA:292,24,1,1
BRDA:298,25,0,1
BRDA:298,25,1,1
BRDA:298,26,0,0
BRDA:298,26,1,1
BRDA:298,27,0,0
BRDA:298,27,1,0
BRDA:310,28,0,0
BRDA:310,28,1,0
BRDA:322,29,0,0
BRDA:322,29,1,0
BRDA:332,30,0,1
BRDA:334,31,0,1
BRDA:334,31,1,1
BRDA:337,32,0,1
BRDA:360,33,0,2
BRDA:360,33,1,1
BRDA:368,34,0,2
BRDA:368,34,1,1
BRDA:378,35,0,1
BRDA:378,35,1,1
BRDA:379,36,0,1
BRDA:379,36,1,1
BRDA:389,37,0,0
BRDA:412,38,0,0
BRF:61
BRH:26
end_of_record
TN:
SF:src\services\health.service.ts
FN:114,(anonymous_1)
FN:136,(anonymous_2)
FN:172,(anonymous_3)
FN:242,(anonymous_4)
FN:266,(anonymous_5)
FN:312,(anonymous_6)
FN:330,(anonymous_7)
FN:348,(anonymous_8)
FN:391,(anonymous_9)
FN:417,(anonymous_10)
FN:480,(anonymous_11)
FN:490,(anonymous_12)
FN:516,(anonymous_13)
FN:524,(anonymous_14)
FN:546,(anonymous_15)
FN:553,(anonymous_16)
FN:555,(anonymous_17)
FN:564,(anonymous_18)
FN:585,(anonymous_19)
FN:639,(anonymous_20)
FN:683,validarMovimientoAnimalEnRetiro
FNF:21
FNH:9
FNDA:10,(anonymous_1)
FNDA:5,(anonymous_2)
FNDA:3,(anonymous_3)
FNDA:0,(anonymous_4)
FNDA:0,(anonymous_5)
FNDA:0,(anonymous_6)
FNDA:0,(anonymous_7)
FNDA:4,(anonymous_8)
FNDA:0,(anonymous_9)
FNDA:0,(anonymous_10)
FNDA:0,(anonymous_11)
FNDA:0,(anonymous_12)
FNDA:0,(anonymous_13)
FNDA:0,(anonymous_14)
FNDA:2,(anonymous_15)
FNDA:2,(anonymous_16)
FNDA:1,(anonymous_17)
FNDA:2,(anonymous_18)
FNDA:4,(anonymous_19)
FNDA:0,(anonymous_20)
FNDA:0,validarMovimientoAnimalEnRetiro
DA:16,1
DA:17,1
DA:113,1
DA:114,10
DA:143,5
DA:147,5
DA:148,2
DA:155,3
DA:156,3
DA:157,2
DA:164,3
DA:172,3
DA:174,3
DA:188,3
DA:189,1
DA:195,1
DA:212,3
DA:223,3
DA:227,3
DA:229,3
DA:248,0
DA:251,0
DA:255,0
DA:256,0
DA:260,0
DA:261,0
DA:262,0
DA:264,0
DA:266,0
DA:267,0
DA:268,0
DA:277,0
DA:278,0
DA:284,0
DA:317,0
DA:322,0
DA:323,0
DA:326,0
DA:327,0
DA:329,0
DA:330,0
DA:352,4
DA:355,4
DA:356,3
DA:363,1
DA:367,1
DA:397,0
DA:399,0
DA:400,0
DA:406,0
DA:409,0
DA:410,0
DA:411,0
DA:417,0
DA:418,0
DA:428,0
DA:430,0
DA:434,0
DA:440,0
DA:450,0
DA:453,0
DA:455,0
DA:459,0
DA:481,0
DA:483,0
DA:484,0
DA:490,0
DA:491,0
DA:493,0
DA:520,0
DA:521,0
DA:523,0
DA:526,0
DA:529,0
DA:547,2
DA:549,2
DA:550,1
DA:553,2
DA:555,1
DA:557,1
DA:563,1
DA:564,2
DA:574,1
DA:594,4
DA:595,2
DA:596,2
DA:600,2
DA:609,4
DA:640,0
DA:655,1
DA:661,1
DA:667,1
DA:683,1
DA:689,0
DA:693,0
LF:95
LH:43
BRDA:147,0,0,2
BRDA:156,1,0,2
BRDA:164,2,0,3
BRDA:164,2,1,2
BRDA:188,3,0,1
BRDA:201,4,0,1
BRDA:201,4,1,1
BRDA:218,5,0,3
BRDA:218,5,1,3
BRDA:227,6,0,1
BRDA:227,6,1,2
BRDA:248,7,0,0
BRDA:255,8,0,0
BRDA:261,9,0,0
BRDA:264,10,0,0
BRDA:264,10,1,0
BRDA:277,11,0,0
BRDA:277,12,0,0
BRDA:277,12,1,0
BRDA:290,13,0,0
BRDA:290,13,1,0
BRDA:322,14,0,0
BRDA:355,15,0,3
BRDA:355,16,0,4
BRDA:355,16,1,3
BRDA:363,17,0,1
BRDA:363,17,1,1
BRDA:363,17,2,1
BRDA:371,18,0,1
BRDA:371,18,1,0
BRDA:399,19,0,0
BRDA:399,20,0,0
BRDA:399,20,1,0
BRDA:409,21,0,0
BRDA:410,22,0,0
BRDA:410,22,1,0
BRDA:412,23,0,0
BRDA:412,23,1,0
BRDA:428,24,0,0
BRDA:428,25,0,0
BRDA:428,25,1,0
BRDA:430,26,0,0
BRDA:430,26,1,0
BRDA:430,27,0,0
BRDA:430,27,1,0
BRDA:455,28,0,0
BRDA:455,28,1,0
BRDA:455,28,2,0
BRDA:463,29,0,0
BRDA:463,29,1,0
BRDA:483,30,0,0
BRDA:526,31,0,0
BRDA:526,31,1,0
BRDA:526,31,2,0
BRDA:529,32,0,0
BRDA:529,32,1,0
BRDA:549,33,0,1
BRDA:594,34,0,2
BRDA:594,35,0,4
BRDA:594,35,1,2
BRDA:631,36,0,2
BRDA:631,36,1,2
BRDA:689,37,0,0
BRDA:690,38,0,0
BRDA:690,38,1,0
BRDA:696,39,0,0
BRDA:696,39,1,0
BRF:67
BRH:24
end_of_record
TN:
SF:src\services\pesaje.service.ts
FN:15,(anonymous_1)
FN:20,(anonymous_2)
FN:42,(anonymous_3)
FN:72,(anonymous_4)
FN:95,(anonymous_5)
FN:143,(anonymous_6)
FN:147,(anonymous_7)
FN:153,(anonymous_8)
FNF:8
FNH:8
FNDA:6,(anonymous_1)
FNDA:2,(anonymous_2)
FNDA:2,(anonymous_3)
FNDA:1,(anonymous_4)
FNDA:1,(anonymous_5)
FNDA:1,(anonymous_6)
FNDA:1,(anonymous_7)
FNDA:1,(anonymous_8)
DA:6,1
DA:7,1
DA:9,1
DA:10,1
DA:14,1
DA:15,6
DA:21,2
DA:22,2
DA:23,0
DA:27,2
DA:29,2
DA:30,2
DA:32,2
DA:33,1
DA:34,1
DA:35,1
DA:37,1
DA:38,1
DA:42,2
DA:43,2
DA:50,2
DA:65,2
DA:73,1
DA:74,1
DA:75,0
DA:78,1
DA:79,0
DA:82,1
DA:85,1
DA:86,1
DA:87,1
DA:88,1
DA:90,1
DA:95,1
DA:97,1
DA:109,1
DA:110,1
DA:112,1
DA:117,1
DA:128,1
DA:139,1
DA:144,1
DA:148,1
DA:149,1
DA:150,0
DA:153,1
DA:154,1
DA:156,1
DA:170,1
LF:49
LH:45
BRDA:22,0,0,0
BRDA:32,1,0,1
BRDA:37,2,0,1
BRDA:56,3,0,2
BRDA:56,3,1,0
BRDA:74,4,0,0
BRDA:78,5,0,0
BRDA:85,6,0,1
BRDA:104,7,0,1
BRDA:104,7,1,1
BRDA:134,8,0,1
BRDA:134,8,1,0
BRDA:149,9,0,0
BRDA:162,10,0,1
BRDA:162,10,1,0
BRF:15
BRH:8
end_of_record
TN:
SF:src\services\reproduccion.service.ts
FN:15,(anonymous_1)
FN:20,(anonymous_2)
FN:28,(anonymous_3)
FN:62,(anonymous_4)
FN:77,(anonymous_5)
FN:144,(anonymous_6)
FNF:6
FNH:3
FNDA:4,(anonymous_1)
FNDA:0,(anonymous_2)
FNDA:0,(anonymous_3)
FNDA:4,(anonymous_4)
FNDA:1,(anonymous_5)
FNDA:0,(anonymous_6)
DA:6,1
DA:7,1
DA:9,1
DA:10,1
DA:14,1
DA:15,4
DA:21,0
DA:22,0
DA:24,0
DA:25,0
DA:28,0
DA:29,0
DA:37,0
DA:38,0
DA:44,0
DA:55,0
DA:63,4
DA:64,4
DA:67,4
DA:68,2
DA:72,2
DA:73,2
DA:74,1
DA:77,1
DA:79,1
DA:80,1
DA:82,1
DA:83,1
DA:86,1
DA:87,1
DA:91,0
DA:96,1
DA:99,1
DA:110,1
DA:121,1
DA:122,1
DA:129,1
DA:140,1
DA:145,0
DA:149,1
LF:40
LH:28
BRDA:22,0,0,0
BRDA:24,1,0,0
BRDA:37,2,0,0
BRDA:37,3,0,0
BRDA:37,3,1,0
BRDA:50,4,0,0
BRDA:50,4,1,0
BRDA:64,5,0,0
BRDA:67,6,0,2
BRDA:73,7,0,1
BRDA:80,8,0,0
BRDA:86,9,0,1
BRDA:86,9,1,0
BRDA:121,10,0,1
BRDA:135,11,0,1
BRDA:135,11,1,0
BRF:16
BRH:5
end_of_record
TN:
SF:src\types\errors.ts
FN:14,(anonymous_0)
FN:26,(anonymous_1)
FN:33,(anonymous_2)
FN:40,(anonymous_3)
FN:47,(anonymous_4)
FN:54,(anonymous_5)
FN:61,(anonymous_6)
FNF:7
FNH:4
FNDA:12,(anonymous_0)
FNDA:6,(anonymous_1)
FNDA:0,(anonymous_2)
FNDA:0,(anonymous_3)
FNDA:0,(anonymous_4)
FNDA:2,(anonymous_5)
FNDA:4,(anonymous_6)
DA:9,5
DA:15,12
DA:16,12
DA:17,12
DA:18,12
DA:19,12
DA:20,12
DA:25,5
DA:27,6
DA:32,5
DA:34,0
DA:39,5
DA:41,0
DA:46,5
DA:48,0
DA:53,5
DA:55,2
DA:60,5
DA:62,4
LF:19
LH:16
BRDA:40,0,0,0
BRDA:47,1,0,0
BRF:2
BRH:0
end_of_record
TN:
SF:src\validators\health.validator.ts
FN:119,(anonymous_0)
FN:164,(anonymous_1)
FNF:2
FNH:2
FNDA:12,(anonymous_0)
FNDA:1,(anonymous_1)
DA:12,1
DA:19,1
DA:31,1
DA:48,1
DA:120,12
DA:121,3
DA:141,1
DA:153,1
DA:164,1
DA:198,1
LF:10
LH:10
BRDA:120,0,0,3
BRDA:120,1,0,12
BRDA:120,1,1,7
BRF:3
BRH:3
end_of_record
